Welcome to - LAMMPS+Atomistica -

   Atomistica revision:  0.5.5+0.g46739c0.dirty
   Atomistica rev date:  2018-04-10T14:03:07+0200
   Atomistica URL:       git@github.com:Atomistica/atomistica.git

   architecture:         x86_64

   build host:           Knut-2.local
   build date:           May  4 2018 06:58:37
   compiler version:     GNU Fortran (Homebrew GCC 7.3.0_1) 7.3.0
   compile options:      -D_MPI -DLAMMPS -DNO_BIND_C_OPTIONAL -g -O0 -fPIC -I/usr/local//include -I/usr/local//include/mpi -ffree-form -ffree-line-length-none -x f95-cpp-input -I. -I../src -I../src/support -I../src/potentials

   run date:             May 4 2018 9:12:32

   Using MPI:            1 processes

- tersoff -
     el(1)  = C
     el(2)  = Si
     A      =   0.13935999999999999E+04  0.15973111406360376E+04  0.18308000000000000E+04
     B      =   0.34674000000000001E+03  0.40419915041969102E+03  0.47118000000000001E+03
     xi     =   0.10000000000000000E+01  0.97760000000000002E+00  0.10000000000000000E+01
     lambda =   0.34878999999999998E+01  0.29839000000000002E+01  0.24799000000000002E+01
     mu     =   0.22119000000000000E+01  0.19720499999999999E+01  0.17322000000000000E+01
     omega  =   0.10000000000000000E+01  0.10000000000000000E+01  0.10000000000000000E+01
     mubo   =   0.00000000000000000E+00  0.00000000000000000E+00  0.00000000000000000E+00
     m      = 1 1 1
     beta   =   0.15724000000000000E-06  0.11000000000000001E-05
     n      =   0.72750999999999999E+00  0.78734000000000004E+00
     c      =   0.38049000000000000E+05  0.10039000000000000E+06
     d      =   0.43483999999999998E+01  0.16216999999999999E+02
     h      =  -0.57057999999999998E+00 -0.59824999999999995E+00
     r1     =   0.18000000000000000E+01  0.22045407685048604E+01  0.27000000000000002E+01
     r2     =   0.21000000000000001E+01  0.25099800796022267E+01  0.30000000000000000E+01

- neighbors_dump_cutoffs -
     Communication border is .00000000000000000
     1-1 (Z = 14-14), cutoff = 3.00000000000000000

- tersoff -
     (Re)allocating internal neighbor list buffers.
     nebavg   = 12
     nebmax   = 26
     nebsize  = 69702
     Memory estimate: 4.78605651855468750 MB

- tersoff -
     el(1)  = C
     el(2)  = Si
     A      =   0.13935999999999999E+04  0.15973111406360376E+04  0.18308000000000000E+04
     B      =   0.34674000000000001E+03  0.40419915041969102E+03  0.47118000000000001E+03
     xi     =   0.10000000000000000E+01  0.97760000000000002E+00  0.10000000000000000E+01
     lambda =   0.34878999999999998E+01  0.29839000000000002E+01  0.24799000000000002E+01
     mu     =   0.22119000000000000E+01  0.19720499999999999E+01  0.17322000000000000E+01
     omega  =   0.10000000000000000E+01  0.10000000000000000E+01  0.10000000000000000E+01
     mubo   =   0.00000000000000000E+00  0.00000000000000000E+00  0.00000000000000000E+00
     m      = 1 1 1
     beta   =   0.15724000000000000E-06  0.11000000000000001E-05
     n      =   0.72750999999999999E+00  0.78734000000000004E+00
     c      =   0.38049000000000000E+05  0.10039000000000000E+06
     d      =   0.43483999999999998E+01  0.16216999999999999E+02
     h      =  -0.57057999999999998E+00 -0.59824999999999995E+00
     r1     =   0.18000000000000000E+01  0.22045407685048604E+01  0.27000000000000002E+01
     r2     =   0.21000000000000001E+01  0.25099800796022267E+01  0.30000000000000000E+01

- neighbors_dump_cutoffs -
     Communication border is .00000000000000000
     1-1 (Z = 14-14), cutoff = 3.00000000000000000

- tersoff -
     (Re)allocating internal neighbor list buffers.
     nebavg   = 12
     nebmax   = 26
     nebsize  = 69768
     Memory estimate: 4.79058837890625000 MB

- tersoff -
     el(1)  = C
     el(2)  = Si
     A      =   0.13935999999999999E+04  0.15973111406360376E+04  0.18308000000000000E+04
     B      =   0.34674000000000001E+03  0.40419915041969102E+03  0.47118000000000001E+03
     xi     =   0.10000000000000000E+01  0.97760000000000002E+00  0.10000000000000000E+01
     lambda =   0.34878999999999998E+01  0.29839000000000002E+01  0.24799000000000002E+01
     mu     =   0.22119000000000000E+01  0.19720499999999999E+01  0.17322000000000000E+01
     omega  =   0.10000000000000000E+01  0.10000000000000000E+01  0.10000000000000000E+01
     mubo   =   0.00000000000000000E+00  0.00000000000000000E+00  0.00000000000000000E+00
     m      = 1 1 1
     beta   =   0.15724000000000000E-06  0.11000000000000001E-05
     n      =   0.72750999999999999E+00  0.78734000000000004E+00
     c      =   0.38049000000000000E+05  0.10039000000000000E+06
     d      =   0.43483999999999998E+01  0.16216999999999999E+02
     h      =  -0.57057999999999998E+00 -0.59824999999999995E+00
     r1     =   0.18000000000000000E+01  0.22045407685048604E+01  0.27000000000000002E+01
     r2     =   0.21000000000000001E+01  0.25099800796022267E+01  0.30000000000000000E+01

- neighbors_dump_cutoffs -
     Communication border is .00000000000000000
     1-1 (Z = 14-14), cutoff = 3.00000000000000000

- tersoff -
     (Re)allocating internal neighbor list buffers.
     nebavg   = 12
     nebmax   = 26
     nebsize  = 69816
     Memory estimate: 4.79388427734375000 MB

- tersoff -
     el(1)  = C
     el(2)  = Si
     A      =   0.13935999999999999E+04  0.15973111406360376E+04  0.18308000000000000E+04
     B      =   0.34674000000000001E+03  0.40419915041969102E+03  0.47118000000000001E+03
     xi     =   0.10000000000000000E+01  0.97760000000000002E+00  0.10000000000000000E+01
     lambda =   0.34878999999999998E+01  0.29839000000000002E+01  0.24799000000000002E+01
     mu     =   0.22119000000000000E+01  0.19720499999999999E+01  0.17322000000000000E+01
     omega  =   0.10000000000000000E+01  0.10000000000000000E+01  0.10000000000000000E+01
     mubo   =   0.00000000000000000E+00  0.00000000000000000E+00  0.00000000000000000E+00
     m      = 1 1 1
     beta   =   0.15724000000000000E-06  0.11000000000000001E-05
     n      =   0.72750999999999999E+00  0.78734000000000004E+00
     c      =   0.38049000000000000E+05  0.10039000000000000E+06
     d      =   0.43483999999999998E+01  0.16216999999999999E+02
     h      =  -0.57057999999999998E+00 -0.59824999999999995E+00
     r1     =   0.18000000000000000E+01  0.22045407685048604E+01  0.27000000000000002E+01
     r2     =   0.21000000000000001E+01  0.25099800796022267E+01  0.30000000000000000E+01

- neighbors_dump_cutoffs -
     Communication border is .00000000000000000
     1-1 (Z = 14-14), cutoff = 3.00000000000000000

- tersoff -
     (Re)allocating internal neighbor list buffers.
     nebavg   = 12
     nebmax   = 26
     nebsize  = 69780
     Memory estimate: 4.79141235351562500 MB

- tersoff -
     el(1)  = C
     el(2)  = Si
     A      =   0.13935999999999999E+04  0.15973111406360376E+04  0.18308000000000000E+04
     B      =   0.34674000000000001E+03  0.40419915041969102E+03  0.47118000000000001E+03
     xi     =   0.10000000000000000E+01  0.97760000000000002E+00  0.10000000000000000E+01
     lambda =   0.34878999999999998E+01  0.29839000000000002E+01  0.24799000000000002E+01
     mu     =   0.22119000000000000E+01  0.19720499999999999E+01  0.17322000000000000E+01
     omega  =   0.10000000000000000E+01  0.10000000000000000E+01  0.10000000000000000E+01
     mubo   =   0.00000000000000000E+00  0.00000000000000000E+00  0.00000000000000000E+00
     m      = 1 1 1
     beta   =   0.15724000000000000E-06  0.11000000000000001E-05
     n      =   0.72750999999999999E+00  0.78734000000000004E+00
     c      =   0.38049000000000000E+05  0.10039000000000000E+06
     d      =   0.43483999999999998E+01  0.16216999999999999E+02
     h      =  -0.57057999999999998E+00 -0.59824999999999995E+00
     r1     =   0.18000000000000000E+01  0.22045407685048604E+01  0.27000000000000002E+01
     r2     =   0.21000000000000001E+01  0.25099800796022267E+01  0.30000000000000000E+01

- neighbors_dump_cutoffs -
     Communication border is .00000000000000000
     1-1 (Z = 14-14), cutoff = 3.00000000000000000

- tersoff -
     (Re)allocating internal neighbor list buffers.
     nebavg   = 12
     nebmax   = 26
     nebsize  = 69822
     Memory estimate: 4.79429626464843750 MB


   simulation started:  May 4 2018 9:12:32
   simulation ended:    May 4 2018 9:12:32

====> TIMINGS <====
                                                                   time[s]     calls
                                                                   -------     -----
 MDCORE                                                              0.865         1
   - tersoff_force                                                   0.813        55
   - ** remainder **                                                 0.052
