Welcome to - Atomistica -

   Atomistica revision:  0.7.0+33.gee71e31.dirty
   Atomistica rev date:  2019-04-01T21:35:04+0200
   Atomistica URL:       git@github.com:Atomistica/atomistica.git

   architecture:         x86_64

   build host:           Knut.local
   build date:           Apr  1 2019 21:52:54
   compiler version:     numpy-distutils
   compile options:      

   run date:             Apr 1 2019 22:45:27

- materials_read_database -
     Looking for tables in directory '/Users/pas/Datenbanken/Slater-Koster/mio-1-1'.

- materials_read_elements_hotbit -
     No 'elements.dat' found in database directory. Skipping.

- materials_read_elements_bopfox -
     No 'atoms.bx' found in database directory. Skipping.

- materials_read_sltab_hotbit -

- materials_read_sltab_dftb -
     DFTB tables for H-H found.
     WARNING: Overriding self-energies and Hubbard-U from 'elements.dat'.
     DFTB tables for H-C found.
     DFTB tables for H-N found.
     DFTB tables for H-O found.
     DFTB tables for H-P found.
     DFTB tables for H-S found.
     DFTB tables for C-H found.
     DFTB tables for C-C found.
     WARNING: Overriding self-energies and Hubbard-U from 'elements.dat'.
     DFTB tables for C-N found.
     DFTB tables for C-O found.
     DFTB tables for C-P found.
     DFTB tables for C-S found.
     DFTB tables for N-H found.
     DFTB tables for N-C found.
     DFTB tables for N-N found.
     WARNING: Overriding self-energies and Hubbard-U from 'elements.dat'.
     DFTB tables for N-O found.
     DFTB tables for N-P found.
     DFTB tables for N-S found.
     DFTB tables for O-H found.
     DFTB tables for O-C found.
     DFTB tables for O-N found.
     DFTB tables for O-O found.
     WARNING: Overriding self-energies and Hubbard-U from 'elements.dat'.
     DFTB tables for O-P found.
     DFTB tables for O-S found.
     DFTB tables for P-H found.
     DFTB tables for P-C found.
     DFTB tables for P-N found.
     DFTB tables for P-O found.
     DFTB tables for P-P found.
     WARNING: Overriding self-energies and Hubbard-U from 'elements.dat'.
     DFTB tables for P-S found.
     DFTB tables for S-H found.
     DFTB tables for S-C found.
     DFTB tables for S-N found.
     DFTB tables for S-O found.
     DFTB tables for S-P found.
     DFTB tables for S-S found.
     WARNING: Overriding self-energies and Hubbard-U from 'elements.dat'.

- materials_read_sltab_bopfox -
     No 'bonds.bx' file found in database directory. Skipping.

- materials_read_spin_params -
     No spin parameters found, expecting non-spin-polarized calculation.
     element number charge orbitals Hubbard-U on-site levels
     ======= ====== ====== ======== ========= ==============
         H        1  1.000      s      11.415    -6.493
         C        6  4.000      sp      9.924   -13.739    -5.289    -5.289    -5.289
         N        7  5.000      sp     11.725   -17.415    -7.095    -7.095    -7.095
         O        8  6.000      sp     13.481   -23.914    -9.038    -9.038    -9.038
         P       15  5.000      sp      7.875   -13.895    -5.518    -5.518    -5.518
         S       16  6.000      sp      8.947   -17.143    -7.021    -7.021    -7.021

- dense_solver_lapack_init -
     Using divide-and-conquer driver

- slater_charges_init -

 - particles_update_elements -
     1 elements found.
     1 = H  (     3 atoms found)

 - particles_update_elements -
     2 elements found.
     1 = C  (     1 atoms found)
     2 = O  (     2 atoms found)

- dense_notb_bind_to -
     The tight-binding module has been compiled for real arithmetics.
- neighbors_request_interaction_range -
     old interaction range  = .00000000000000000
     request                = 5.27060540004000000

- dense_scc_internal_init -
     dq_crit              = .00010000000000000
     mixing               = .20000000000000001
     andersen_memory      = 3
     max_nit              = 100
     extrapolation_memory = 3

- slater_charges_set_Hubbard_U -
     U =   0.99239961576700004E+01  0.13480525627940001E+02

- slater_charges_bind_to -
     elements   = *
     dftb3      = F
     damp_gamma = F
     zeta       = 4.00000000000000000
     element Hubbard-U (in Hartree) (in eV) nuclear charge
     =======           ============ ======= ==============
         C                    9.924   0.689          0.000
         O                   13.481   0.936          0.000
- neighbors_request_interaction_range -
     old interaction range  = 5.27060540004000000
     request                = 10.00000000000000000

     cutoff   = 10.00000000000000000

- neighbors_update -
     Initializing neighbor list.
     interaction_range  =        10.0000000000
     verlet_shell       =         0.0000000000
     cutoff             =        10.0000000000
     avgn               =       1000
     Memory estimate: .09161376953125000  MB

- neighbors_binning_init -
     Binning enabled.
     cutoff     =     10.000
     box_size   = (     20.000    20.000    22.357 )
     n_cells    = (          3         3         3 )
     cell_size  = (      6.667     0.000     0.000     0.000     6.667     0.000     0.000     0.000     7.452 )

       scc|   it      sum(q)     max(dq)      mu[eV]     dmu[eV]
               1       0.000   9.812E-01  -6.049E+00
               2      -0.000   9.112E-01  -6.040E+00   8.845E-03
               3      -0.000   8.410E-01  -6.032E+00   8.750E-03
               4      -0.000   7.707E-01  -6.023E+00   8.654E-03
               5      -0.000   7.003E-01  -6.014E+00   8.557E-03
               6      -0.000   6.299E-01  -6.006E+00   8.460E-03
               7      -0.000   5.593E-01  -5.998E+00   8.363E-03
               8      -0.000   4.886E-01  -5.989E+00   8.264E-03
               9      -0.000   4.179E-01  -5.981E+00   8.166E-03
              10      -0.000   3.471E-01  -5.973E+00   8.066E-03
              11      -0.000   2.761E-01  -5.965E+00   7.966E-03
              12      -0.000   2.051E-01  -5.957E+00   7.866E-03
              13      -0.000   1.472E-01  -5.950E+00   7.764E-03
              14      -0.000   1.053E-01  -5.944E+00   5.651E-03
              15      -0.000   7.532E-02  -5.940E+00   4.008E-03
              16      -0.000   2.006E-02  -5.937E+00   2.849E-03
              17      -0.000   2.021E-05  -5.930E+00   7.085E-03

   simulation started:  Apr 1 2019 22:45:27
   simulation ended:    Apr 1 2019 22:45:28

====> TIMINGS <====
                                                                   time[s]     calls
                                                                   -------     -----
 MDCORE                                                              0.236         1
   - dense_hamiltonian_update_orbitals                               0.000         1
   - dense_notb_energy_and_forces                                    0.002         1
       - fill_neighbor_list                                          0.000         1
       - dense_hamiltonian_update_orbitals                           0.000         1
       - hs_setup                                                    0.000         1
       - scc_establish_self_consistency                              0.002         1
           - slater_charges_potential                                0.000        17
               - fill_neighbor_list                                  0.000         2
               - ** remainder **                                     0.000
           - solver_lapack_diag                                      0.001        17
               - LAPACK dsygvd                                       0.001        17
               - occupy                                              0.000        17
               - construct_density_and_energy_matrix                 0.000        17
               - ** remainder **                                     0.000
           - solver_lapack_mulliken                                  0.000        17
           - ** remainder **                                         0.001
       - forces                                                      0.000         1
       - solver_lapack_e_bs                                          0.000         1
       - ** remainder **                                             0.000
   - slater_charges_energy_and_forces                                0.000         1
   - slater_charges_potential                                        0.000         1
   - ** remainder **                                                 0.234
