
Gurobi 6.0.2 (linux64) logging started Sun Jul 19 04:14:13 2015

Set parameter Threads to value 1
Set parameter Presolve to value 1
Set parameter Method to value 2
Set parameter MIPFocus to value 1
Set parameter Heuristics to value 1
Set parameter MIPGap to value 0
Set parameter MIPGapAbs to value 0.99999

Gurobi Optimizer version 6.0.2 build v6.0.2rc0 (linux64)
Copyright (c) 2015, Gurobi Optimization, Inc.

Read LP format model from file /tmp/tmpJm_uUa/3.lp
Reading time = 0.00 seconds
(null): 35 rows, 109 columns, 281 nonzeros
Optimize a model with 35 rows, 109 columns and 281 nonzeros
Coefficient statistics:
  Matrix range    [1e+00, 1e+00]
  Objective range [1e+00, 1e+00]
  Bounds range    [5e+00, 2e+02]
  RHS range       [5e+00, 9e+01]
Found heuristic solution: objective 144
Presolve removed 6 rows and 13 columns
Presolve time: 0.00s
Presolved: 29 rows, 96 columns, 256 nonzeros
Variable types: 0 continuous, 96 integer (0 binary)
Optimize a model with 29 rows, 96 columns and 256 nonzeros
Coefficient statistics:
  Matrix range    [1e+00, 3e+00]
  Objective range [1e+00, 1e+00]
  Bounds range    [5e+00, 2e+02]
  RHS range       [5e+00, 9e+01]
Presolved: 29 rows, 96 columns, 256 nonzeros

Root barrier log...

Ordering time: 0.00s

Barrier statistics:
 AA' NZ     : 1.400e+02
 Factor NZ  : 3.470e+02
 Factor Ops : 5.035e+03 (less than 1 second per iteration)
 Threads    : 1

                  Objective                Residual
Iter       Primal          Dual         Primal    Dual     Compl     Time
   0   6.77472853e+02 -2.81273574e+03  2.08e+03 2.22e-16  6.91e+01     0s
   1   2.49061688e+02 -1.18052328e+03  3.48e+02 2.24e-02  1.39e+01     0s
   2   1.01558625e+02 -1.72001698e+02  1.58e+00 1.30e-14  1.40e+00     0s
   3   6.62942258e+01 -3.01028248e+01  5.82e-01 2.00e-15  4.90e-01     0s
   4   4.26072253e+01 -3.32067079e+00  1.40e-01 9.99e-16  2.33e-01     0s
   5   3.77552668e+01  2.32849663e+01  5.96e-02 4.44e-16  7.32e-02     0s
   6   3.43382339e+01  3.03979603e+01  1.23e-02 2.60e-16  1.99e-02     0s
   7   3.30164028e+01  3.19568556e+01  6.11e-04 4.18e-16  5.35e-03     0s
   8   3.28685170e+01  3.26428599e+01  5.94e-05 1.86e-16  1.14e-03     0s
   9   3.28280912e+01  3.28267634e+01  1.92e-08 2.22e-16  6.71e-06     0s
  10   3.28275867e+01  3.28275854e+01  7.92e-14 2.19e-16  6.71e-09     0s
  11   3.28275862e+01  3.28275862e+01  1.40e-13 2.29e-16  6.72e-15     0s

Barrier solved model in 11 iterations and 0.00 seconds
Optimal objective 3.28275862e+01


Root relaxation: objective 3.282759e+01, 18 iterations, 0.00 seconds

    Nodes    |    Current Node    |     Objective Bounds      |     Work
 Expl Unexpl |  Obj  Depth IntInf | Incumbent    BestBd   Gap | It/Node Time

     0     0   32.82759    0   18  144.00000   32.82759  77.2%     -    0s
H    0     0                      36.0000000   32.82759  8.81%     -    0s
H    0     0                      34.0000000   32.82759  3.45%     -    0s
H    0     0                      33.0000000   32.82759  0.52%     -    0s

Explored 0 nodes (29 simplex iterations) in 0.01 seconds
Thread count was 1 (of 4 available processors)

Optimal solution found (tolerance 0.00e+00)
Best objective 3.300000000000e+01, best bound 3.300000000000e+01, gap 0.0%

Wrote result file '/tmp/fZbXaq6IIt/vars.sol'


Gurobi 6.0.2 (linux64) logging started Sun Jul 19 18:41:00 2015

Set parameter Threads to value 1
Set parameter Presolve to value 1
Set parameter Method to value 2
Set parameter MIPFocus to value 1
Set parameter Heuristics to value 1
Set parameter MIPGap to value 0
Set parameter MIPGapAbs to value 0.99999

Gurobi Optimizer version 6.0.2 build v6.0.2rc0 (linux64)
Copyright (c) 2015, Gurobi Optimization, Inc.

Read LP format model from file /tmp/tmp9YQoNQ/4.lp
Reading time = 0.66 seconds
(null): 5458 rows, 64417 columns, 182539 nonzeros
Optimize a model with 5458 rows, 64417 columns and 182539 nonzeros
Coefficient statistics:
  Matrix range    [1e+00, 1e+00]
  Objective range [1e+00, 1e+00]
  Bounds range    [1e+00, 1e+02]
  RHS range       [1e+00, 1e+00]
Presolve removed 154 rows and 173 columns
Presolve time: 3.13s
Presolved: 5304 rows, 64244 columns, 182484 nonzeros
Variable types: 0 continuous, 64244 integer (59740 binary)
Optimize a model with 5304 rows, 64244 columns and 182484 nonzeros
Coefficient statistics:
  Matrix range    [1e+00, 1e+00]
  Objective range [1e+00, 1e+00]
  Bounds range    [1e+00, 1e+02]
  RHS range       [1e+00, 1e+00]
Presolved: 5304 rows, 64244 columns, 182484 nonzeros

Root barrier log...

Ordering time: 0.13s

Barrier statistics:
 AA' NZ     : 7.436e+04
 Factor NZ  : 2.381e+05 (roughly 30 MBytes of memory)
 Factor Ops : 1.755e+07 (less than 1 second per iteration)
 Threads    : 1

                  Objective                Residual
Iter       Primal          Dual         Primal    Dual     Compl     Time
   0   1.05142648e+02 -5.62293439e+04  2.56e+06 1.14e-03  2.26e+01     8s
   1   5.05092489e+01 -3.29924066e+04  3.48e+05 1.11e-15  3.25e+00     8s
   2   8.87517804e+01 -2.09680518e+04  1.16e+05 1.11e-15  1.12e+00     8s
   3   9.89108748e+01 -7.49737012e+03  1.88e+04 9.99e-16  2.10e-01     8s
   4   9.98039604e+01 -1.81381167e+03  4.38e+03 1.44e-15  4.87e-02     9s
   5   9.98158840e+01 -5.40750668e+02  1.83e+03 9.02e-16  1.86e-02     9s
   6   9.96859260e+01 -2.43659323e+02  1.04e+03 6.66e-16  1.02e-02     9s
   7   9.28670885e+01 -1.75803729e+02  3.54e+02 6.94e-16  4.65e-03     9s
   8   4.29627082e+01 -4.43893019e+01  5.27e+01 5.93e-16  1.02e-03     9s
   9   3.76661767e+01 -1.15817288e+01  2.12e+01 4.44e-16  4.80e-04    10s
  10   3.55408456e+01  4.18467250e+00  1.22e+01 4.16e-16  2.83e-04    10s
  11   3.37139813e+01  1.78160688e+01  5.30e+00 4.54e-16  1.34e-04    10s
  12   3.28672659e+01  1.97093514e+01  3.17e+00 5.00e-16  1.08e-04    10s
  13   3.20842897e+01  2.25525721e+01  1.66e+00 5.20e-16  7.66e-05    10s
  14   3.13419556e+01  2.33212857e+01  8.65e-01 5.55e-16  6.36e-05    10s
  15   3.03360008e+01  2.48122959e+01  2.70e-01 5.19e-16  4.33e-05    11s
  16   2.97673102e+01  2.66540608e+01  1.63e-01 4.98e-16  2.44e-05    11s
  17   2.94271001e+01  2.74891680e+01  1.05e-01 4.04e-16  1.52e-05    11s
  18   2.91962647e+01  2.76084113e+01  6.79e-02 4.39e-16  1.24e-05    11s
  19   2.91747027e+01  2.79590010e+01  6.44e-02 4.81e-16  9.53e-06    11s
  20   2.90286440e+01  2.82182930e+01  4.12e-02 3.85e-16  6.35e-06    12s
  21   2.88788804e+01  2.84518330e+01  1.83e-02 4.86e-16  3.34e-06    12s
  22   2.88397609e+01  2.85953009e+01  1.30e-02 3.48e-16  1.91e-06    12s
  23   2.87775851e+01  2.86533522e+01  4.96e-03 3.80e-16  9.72e-07    12s
  24   2.87639915e+01  2.86896031e+01  3.34e-03 3.75e-16  5.82e-07    12s
  25   2.87538254e+01  2.87076854e+01  2.09e-03 3.61e-16  3.61e-07    13s
  26   2.87510493e+01  2.87118355e+01  1.76e-03 3.89e-16  3.07e-07    13s
  27   2.87458338e+01  2.87206769e+01  1.16e-03 4.09e-16  1.97e-07    13s
  28   2.87414628e+01  2.87241022e+01  6.45e-04 4.50e-16  1.36e-07    13s
  29   2.87382294e+01  2.87312867e+01  2.24e-04 3.82e-16  5.42e-08    14s
  30   2.87366043e+01  2.87346735e+01  6.05e-05 3.89e-16  1.51e-08    14s
  31   2.87359813e+01  2.87358457e+01  2.73e-06 3.63e-16  1.06e-09    14s
  32   2.87359413e+01  2.87359413e+01  1.75e-09 3.89e-16  1.77e-13    14s

Barrier solved model in 32 iterations and 14.18 seconds
Optimal objective 2.87359413e+01


Root crossover log...

    3840 DPushes remaining with DInf 0.0000000e+00                14s
       0 DPushes remaining with DInf 1.2231593e+00                14s

    9804 PPushes remaining with PInf 0.0000000e+00                14s
       0 PPushes remaining with PInf 0.0000000e+00                15s

  Push phase complete: Pinf 0.0000000e+00, Dinf 1.2231593e+00     15s


Root simplex log...

Iteration    Objective       Primal Inf.    Dual Inf.      Time
   13646    2.8735941e+01   0.000000e+00   0.000000e+00     15s
   13646    2.8735941e+01   0.000000e+00   0.000000e+00     15s

Root relaxation: objective 2.873594e+01, 13646 iterations, 8.08 seconds
Total elapsed time = 20.72s
Total elapsed time = 25.26s

    Nodes    |    Current Node    |     Objective Bounds      |     Work
 Expl Unexpl |  Obj  Depth IntInf | Incumbent    BestBd   Gap | It/Node Time

     0     0   28.73594    0  151          -   28.73594      -     -   28s
H    0     0                      30.0000000   28.73594  4.21%     -   31s

Gurobi 6.0.2 (linux64) logging started Sun Jul 19 18:44:21 2015

Set parameter Threads to value 1
Set parameter Presolve to value 1
Set parameter Method to value 2
Set parameter MIPFocus to value 1
Set parameter Heuristics to value 1
Set parameter MIPGap to value 0
Set parameter MIPGapAbs to value 0.99999

Gurobi Optimizer version 6.0.2 build v6.0.2rc0 (linux64)
Copyright (c) 2015, Gurobi Optimization, Inc.

Read LP format model from file /tmp/tmpz1iVtp/4.lp
Reading time = 0.70 seconds
(null): 5458 rows, 64417 columns, 182539 nonzeros
Optimize a model with 5458 rows, 64417 columns and 182539 nonzeros
Coefficient statistics:
  Matrix range    [1e+00, 1e+00]
  Objective range [1e+00, 1e+00]
  Bounds range    [1e+00, 1e+02]
  RHS range       [1e+00, 1e+00]
Presolve removed 154 rows and 173 columns
Presolve time: 2.89s
Presolved: 5304 rows, 64244 columns, 182484 nonzeros
Variable types: 0 continuous, 64244 integer (59740 binary)
Optimize a model with 5304 rows, 64244 columns and 182484 nonzeros
Coefficient statistics:
  Matrix range    [1e+00, 1e+00]
  Objective range [1e+00, 1e+00]
  Bounds range    [1e+00, 1e+02]
  RHS range       [1e+00, 1e+00]
Presolved: 5304 rows, 64244 columns, 182484 nonzeros

Root barrier log...

Ordering time: 0.11s

Barrier statistics:
 AA' NZ     : 7.436e+04
 Factor NZ  : 2.381e+05 (roughly 30 MBytes of memory)
 Factor Ops : 1.755e+07 (less than 1 second per iteration)
 Threads    : 1

                  Objective                Residual
Iter       Primal          Dual         Primal    Dual     Compl     Time
   0   1.05142648e+02 -5.62293439e+04  2.56e+06 1.14e-03  2.26e+01     7s
   1   5.05092489e+01 -3.29924066e+04  3.48e+05 1.11e-15  3.25e+00     7s
   2   8.87517804e+01 -2.09680518e+04  1.16e+05 1.11e-15  1.12e+00     7s
   3   9.89108748e+01 -7.49737012e+03  1.88e+04 9.99e-16  2.10e-01     7s
   4   9.98039604e+01 -1.81381167e+03  4.38e+03 1.44e-15  4.87e-02     7s
   5   9.98158840e+01 -5.40750668e+02  1.83e+03 9.02e-16  1.86e-02     7s
   6   9.96859260e+01 -2.43659323e+02  1.04e+03 6.66e-16  1.02e-02     8s
   7   9.28670885e+01 -1.75803729e+02  3.54e+02 6.94e-16  4.65e-03     8s
   8   4.29627082e+01 -4.43893019e+01  5.27e+01 5.93e-16  1.02e-03     8s
   9   3.76661767e+01 -1.15817288e+01  2.12e+01 4.44e-16  4.80e-04     8s
  10   3.55408456e+01  4.18467250e+00  1.22e+01 4.16e-16  2.83e-04     8s
  11   3.37139813e+01  1.78160688e+01  5.30e+00 4.54e-16  1.34e-04     8s
  12   3.28672659e+01  1.97093514e+01  3.17e+00 5.00e-16  1.08e-04     8s
  13   3.20842897e+01  2.25525721e+01  1.66e+00 5.20e-16  7.66e-05     9s
  14   3.13419556e+01  2.33212857e+01  8.65e-01 5.55e-16  6.36e-05     9s
  15   3.03360008e+01  2.48122959e+01  2.70e-01 5.19e-16  4.33e-05     9s
  16   2.97673102e+01  2.66540608e+01  1.63e-01 4.98e-16  2.44e-05     9s
  17   2.94271001e+01  2.74891680e+01  1.05e-01 4.04e-16  1.52e-05     9s
  18   2.91962647e+01  2.76084113e+01  6.79e-02 4.39e-16  1.24e-05     9s
  19   2.91747027e+01  2.79590010e+01  6.44e-02 4.81e-16  9.53e-06    10s
  20   2.90286440e+01  2.82182930e+01  4.12e-02 3.85e-16  6.35e-06    10s
  21   2.88788804e+01  2.84518330e+01  1.83e-02 4.86e-16  3.34e-06    10s
  22   2.88397609e+01  2.85953009e+01  1.30e-02 3.48e-16  1.91e-06    10s
  23   2.87775851e+01  2.86533522e+01  4.96e-03 3.80e-16  9.72e-07    10s
  24   2.87639915e+01  2.86896031e+01  3.34e-03 3.75e-16  5.82e-07    10s
  25   2.87538254e+01  2.87076854e+01  2.09e-03 3.61e-16  3.61e-07    10s
  26   2.87510493e+01  2.87118355e+01  1.76e-03 3.89e-16  3.07e-07    10s
  27   2.87458338e+01  2.87206769e+01  1.16e-03 4.09e-16  1.97e-07    11s
  28   2.87414628e+01  2.87241022e+01  6.45e-04 4.50e-16  1.36e-07    11s
  29   2.87382294e+01  2.87312867e+01  2.24e-04 3.82e-16  5.42e-08    11s
  30   2.87366043e+01  2.87346735e+01  6.05e-05 3.89e-16  1.51e-08    11s
  31   2.87359813e+01  2.87358457e+01  2.73e-06 3.63e-16  1.06e-09    11s
  32   2.87359413e+01  2.87359413e+01  1.75e-09 3.89e-16  1.77e-13    11s

Barrier solved model in 32 iterations and 11.19 seconds
Optimal objective 2.87359413e+01


Root crossover log...

    3840 DPushes remaining with DInf 0.0000000e+00                11s
       0 DPushes remaining with DInf 1.2231593e+00                11s

    9804 PPushes remaining with PInf 0.0000000e+00                11s
       0 PPushes remaining with PInf 0.0000000e+00                12s

  Push phase complete: Pinf 0.0000000e+00, Dinf 1.2231593e+00     12s


Root simplex log...

Iteration    Objective       Primal Inf.    Dual Inf.      Time
   13646    2.8735941e+01   0.000000e+00   0.000000e+00     12s
   13646    2.8735941e+01   0.000000e+00   0.000000e+00     12s

Root relaxation: objective 2.873594e+01, 13646 iterations, 5.89 seconds
Total elapsed time = 16.70s
Total elapsed time = 20.05s

    Nodes    |    Current Node    |     Objective Bounds      |     Work
 Expl Unexpl |  Obj  Depth IntInf | Incumbent    BestBd   Gap | It/Node Time

     0     0   28.73594    0  151          -   28.73594      -     -   22s
H    0     0                      30.0000000   28.73594  4.21%     -   25s

Gurobi 6.0.2 (linux64) logging started Sun Jul 19 18:46:12 2015

Set parameter Threads to value 1
Set parameter Presolve to value 1
Set parameter Method to value 2
Set parameter MIPFocus to value 1
Set parameter Heuristics to value 1
Set parameter MIPGap to value 0
Set parameter MIPGapAbs to value 0.99999

Gurobi Optimizer version 6.0.2 build v6.0.2rc0 (linux64)
Copyright (c) 2015, Gurobi Optimization, Inc.

Read LP format model from file /tmp/tmp7y9A4D/4.lp
Reading time = 0.27 seconds
(null): 5458 rows, 64417 columns, 182539 nonzeros
Optimize a model with 5458 rows, 64417 columns and 182539 nonzeros
Coefficient statistics:
  Matrix range    [1e+00, 1e+00]
  Objective range [1e+00, 1e+00]
  Bounds range    [1e+00, 1e+02]
  RHS range       [1e+00, 1e+00]
Presolve removed 154 rows and 173 columns
Presolve time: 1.73s
Presolved: 5304 rows, 64244 columns, 182484 nonzeros
Variable types: 0 continuous, 64244 integer (59740 binary)
Optimize a model with 5304 rows, 64244 columns and 182484 nonzeros
Coefficient statistics:
  Matrix range    [1e+00, 1e+00]
  Objective range [1e+00, 1e+00]
  Bounds range    [1e+00, 1e+02]
  RHS range       [1e+00, 1e+00]
Presolved: 5304 rows, 64244 columns, 182484 nonzeros

Root barrier log...

Ordering time: 0.04s

Barrier statistics:
 AA' NZ     : 7.436e+04
 Factor NZ  : 2.381e+05 (roughly 30 MBytes of memory)
 Factor Ops : 1.755e+07 (less than 1 second per iteration)
 Threads    : 1

                  Objective                Residual
Iter       Primal          Dual         Primal    Dual     Compl     Time
   0   1.05142648e+02 -5.62293439e+04  2.56e+06 1.14e-03  2.26e+01     3s
   1   5.05092489e+01 -3.29924066e+04  3.48e+05 1.11e-15  3.25e+00     3s
   2   8.87517804e+01 -2.09680518e+04  1.16e+05 1.11e-15  1.12e+00     4s
   3   9.89108748e+01 -7.49737012e+03  1.88e+04 9.99e-16  2.10e-01     4s
   4   9.98039604e+01 -1.81381167e+03  4.38e+03 1.44e-15  4.87e-02     4s
   5   9.98158840e+01 -5.40750668e+02  1.83e+03 9.02e-16  1.86e-02     4s
   6   9.96859260e+01 -2.43659323e+02  1.04e+03 6.66e-16  1.02e-02     4s
   7   9.28670885e+01 -1.75803729e+02  3.54e+02 6.94e-16  4.65e-03     4s
   8   4.29627082e+01 -4.43893019e+01  5.27e+01 5.93e-16  1.02e-03     4s
   9   3.76661767e+01 -1.15817288e+01  2.12e+01 4.44e-16  4.80e-04     4s
  10   3.55408456e+01  4.18467250e+00  1.22e+01 4.16e-16  2.83e-04     4s
  11   3.37139813e+01  1.78160688e+01  5.30e+00 4.54e-16  1.34e-04     4s
  12   3.28672659e+01  1.97093514e+01  3.17e+00 5.00e-16  1.08e-04     4s
  13   3.20842897e+01  2.25525721e+01  1.66e+00 5.20e-16  7.66e-05     4s
  14   3.13419556e+01  2.33212857e+01  8.65e-01 5.55e-16  6.36e-05     4s
  15   3.03360008e+01  2.48122959e+01  2.70e-01 5.19e-16  4.33e-05     5s
  16   2.97673102e+01  2.66540608e+01  1.63e-01 4.98e-16  2.44e-05     5s
  17   2.94271001e+01  2.74891680e+01  1.05e-01 4.04e-16  1.52e-05     5s
  18   2.91962647e+01  2.76084113e+01  6.79e-02 4.39e-16  1.24e-05     5s
  19   2.91747027e+01  2.79590010e+01  6.44e-02 4.81e-16  9.53e-06     5s
  20   2.90286440e+01  2.82182930e+01  4.12e-02 3.85e-16  6.35e-06     5s
  21   2.88788804e+01  2.84518330e+01  1.83e-02 4.86e-16  3.34e-06     5s
  22   2.88397609e+01  2.85953009e+01  1.30e-02 3.48e-16  1.91e-06     5s
  23   2.87775851e+01  2.86533522e+01  4.96e-03 3.80e-16  9.72e-07     5s
  24   2.87639915e+01  2.86896031e+01  3.34e-03 3.75e-16  5.82e-07     5s
  25   2.87538254e+01  2.87076854e+01  2.09e-03 3.61e-16  3.61e-07     5s
  26   2.87510493e+01  2.87118355e+01  1.76e-03 3.89e-16  3.07e-07     5s
  27   2.87458338e+01  2.87206769e+01  1.16e-03 4.09e-16  1.97e-07     5s
  28   2.87414628e+01  2.87241022e+01  6.45e-04 4.50e-16  1.36e-07     6s
  29   2.87382294e+01  2.87312867e+01  2.24e-04 3.82e-16  5.42e-08     6s
  30   2.87366043e+01  2.87346735e+01  6.05e-05 3.89e-16  1.51e-08     6s
  31   2.87359813e+01  2.87358457e+01  2.73e-06 3.63e-16  1.06e-09     6s
  32   2.87359413e+01  2.87359413e+01  1.75e-09 3.89e-16  1.77e-13     6s

Barrier solved model in 32 iterations and 5.80 seconds
Optimal objective 2.87359413e+01


Root crossover log...

    3840 DPushes remaining with DInf 0.0000000e+00                 6s
       0 DPushes remaining with DInf 1.2231593e+00                 6s

    9804 PPushes remaining with PInf 0.0000000e+00                 6s
       0 PPushes remaining with PInf 0.0000000e+00                 6s

  Push phase complete: Pinf 0.0000000e+00, Dinf 1.2231593e+00      6s


Root simplex log...

Iteration    Objective       Primal Inf.    Dual Inf.      Time
   13646    2.8735941e+01   0.000000e+00   0.000000e+00      6s
   13646    2.8735941e+01   0.000000e+00   0.000000e+00      6s

Root relaxation: objective 2.873594e+01, 13646 iterations, 3.11 seconds
Total elapsed time = 10.66s
Total elapsed time = 15.01s

    Nodes    |    Current Node    |     Objective Bounds      |     Work
 Expl Unexpl |  Obj  Depth IntInf | Incumbent    BestBd   Gap | It/Node Time

     0     0   28.73594    0  151          -   28.73594      -     -   18s
H    0     0                      30.0000000   28.73594  4.21%     -   21s

Gurobi 6.0.2 (linux64) logging started Sun Jul 19 18:47:36 2015

Set parameter Threads to value 1
Set parameter Presolve to value 1
Set parameter Method to value 2
Set parameter MIPFocus to value 1
Set parameter Heuristics to value 1
Set parameter MIPGap to value 0
Set parameter MIPGapAbs to value 0.99999

Gurobi Optimizer version 6.0.2 build v6.0.2rc0 (linux64)
Copyright (c) 2015, Gurobi Optimization, Inc.

Read LP format model from file /tmp/tmpgSPprU/4.lp
Reading time = 0.48 seconds
(null): 5458 rows, 64417 columns, 182539 nonzeros
Optimize a model with 5458 rows, 64417 columns and 182539 nonzeros
Coefficient statistics:
  Matrix range    [1e+00, 1e+00]
  Objective range [1e+00, 1e+00]
  Bounds range    [1e+00, 1e+02]
  RHS range       [1e+00, 1e+00]
Presolve removed 154 rows and 173 columns
Presolve time: 2.51s
Presolved: 5304 rows, 64244 columns, 182484 nonzeros
Variable types: 0 continuous, 64244 integer (59740 binary)
Optimize a model with 5304 rows, 64244 columns and 182484 nonzeros
Coefficient statistics:
  Matrix range    [1e+00, 1e+00]
  Objective range [1e+00, 1e+00]
  Bounds range    [1e+00, 1e+02]
  RHS range       [1e+00, 1e+00]
Presolved: 5304 rows, 64244 columns, 182484 nonzeros

Root barrier log...

Ordering time: 0.08s

Barrier statistics:
 AA' NZ     : 7.436e+04
 Factor NZ  : 2.381e+05 (roughly 30 MBytes of memory)
 Factor Ops : 1.755e+07 (less than 1 second per iteration)
 Threads    : 1

                  Objective                Residual
Iter       Primal          Dual         Primal    Dual     Compl     Time
   0   1.05142648e+02 -5.62293439e+04  2.56e+06 1.14e-03  2.26e+01     6s
   1   5.05092489e+01 -3.29924066e+04  3.48e+05 1.11e-15  3.25e+00     6s
   2   8.87517804e+01 -2.09680518e+04  1.16e+05 1.11e-15  1.12e+00     6s
   3   9.89108748e+01 -7.49737012e+03  1.88e+04 9.99e-16  2.10e-01     6s
   4   9.98039604e+01 -1.81381167e+03  4.38e+03 1.44e-15  4.87e-02     6s
   5   9.98158840e+01 -5.40750668e+02  1.83e+03 9.02e-16  1.86e-02     6s
   6   9.96859260e+01 -2.43659323e+02  1.04e+03 6.66e-16  1.02e-02     7s
   7   9.28670885e+01 -1.75803729e+02  3.54e+02 6.94e-16  4.65e-03     7s
   8   4.29627082e+01 -4.43893019e+01  5.27e+01 5.93e-16  1.02e-03     7s
   9   3.76661767e+01 -1.15817288e+01  2.12e+01 4.44e-16  4.80e-04     7s
  10   3.55408456e+01  4.18467250e+00  1.22e+01 4.16e-16  2.83e-04     7s
  11   3.37139813e+01  1.78160688e+01  5.30e+00 4.54e-16  1.34e-04     7s
  12   3.28672659e+01  1.97093514e+01  3.17e+00 5.00e-16  1.08e-04     7s
  13   3.20842897e+01  2.25525721e+01  1.66e+00 5.20e-16  7.66e-05     7s
  14   3.13419556e+01  2.33212857e+01  8.65e-01 5.55e-16  6.36e-05     8s
  15   3.03360008e+01  2.48122959e+01  2.70e-01 5.19e-16  4.33e-05     8s
  16   2.97673102e+01  2.66540608e+01  1.63e-01 4.98e-16  2.44e-05     8s
  17   2.94271001e+01  2.74891680e+01  1.05e-01 4.04e-16  1.52e-05     8s
  18   2.91962647e+01  2.76084113e+01  6.79e-02 4.39e-16  1.24e-05     8s
  19   2.91747027e+01  2.79590010e+01  6.44e-02 4.81e-16  9.53e-06     8s
  20   2.90286440e+01  2.82182930e+01  4.12e-02 3.85e-16  6.35e-06     8s
  21   2.88788804e+01  2.84518330e+01  1.83e-02 4.86e-16  3.34e-06     8s
  22   2.88397609e+01  2.85953009e+01  1.30e-02 3.48e-16  1.91e-06     9s
  23   2.87775851e+01  2.86533522e+01  4.96e-03 3.80e-16  9.72e-07     9s
  24   2.87639915e+01  2.86896031e+01  3.34e-03 3.75e-16  5.82e-07     9s
  25   2.87538254e+01  2.87076854e+01  2.09e-03 3.61e-16  3.61e-07     9s
  26   2.87510493e+01  2.87118355e+01  1.76e-03 3.89e-16  3.07e-07     9s
  27   2.87458338e+01  2.87206769e+01  1.16e-03 4.09e-16  1.97e-07     9s
  28   2.87414628e+01  2.87241022e+01  6.45e-04 4.50e-16  1.36e-07    10s
  29   2.87382294e+01  2.87312867e+01  2.24e-04 3.82e-16  5.42e-08    10s
  30   2.87366043e+01  2.87346735e+01  6.05e-05 3.89e-16  1.51e-08    10s
  31   2.87359813e+01  2.87358457e+01  2.73e-06 3.63e-16  1.06e-09    10s
  32   2.87359413e+01  2.87359413e+01  1.75e-09 3.89e-16  1.77e-13    10s

Barrier solved model in 32 iterations and 10.07 seconds
Optimal objective 2.87359413e+01


Root crossover log...

    3840 DPushes remaining with DInf 0.0000000e+00                10s
       0 DPushes remaining with DInf 1.2231593e+00                10s

    9804 PPushes remaining with PInf 0.0000000e+00                10s
       0 PPushes remaining with PInf 0.0000000e+00                11s

  Push phase complete: Pinf 0.0000000e+00, Dinf 1.2231593e+00     11s


Root simplex log...

Iteration    Objective       Primal Inf.    Dual Inf.      Time
   13646    2.8735941e+01   0.000000e+00   0.000000e+00     11s
   13646    2.8735941e+01   0.000000e+00   0.000000e+00     11s

Root relaxation: objective 2.873594e+01, 13646 iterations, 5.44 seconds
Total elapsed time = 15.43s

    Nodes    |    Current Node    |     Objective Bounds      |     Work
 Expl Unexpl |  Obj  Depth IntInf | Incumbent    BestBd   Gap | It/Node Time

     0     0   28.73594    0  151          -   28.73594      -     -   22s
H    0     0                      30.0000000   28.73594  4.21%     -   24s

Gurobi 6.0.2 (linux64) logging started Sun Jul 19 18:49:27 2015

Set parameter Threads to value 1
Set parameter Presolve to value 1
Set parameter Method to value 2
Set parameter MIPFocus to value 1
Set parameter Heuristics to value 1
Set parameter MIPGap to value 0
Set parameter MIPGapAbs to value 0.99999

Gurobi Optimizer version 6.0.2 build v6.0.2rc0 (linux64)
Copyright (c) 2015, Gurobi Optimization, Inc.

Read LP format model from file /tmp/tmpqn6hNe/4.lp
Reading time = 0.72 seconds
(null): 5458 rows, 64417 columns, 182539 nonzeros
Optimize a model with 5458 rows, 64417 columns and 182539 nonzeros
Coefficient statistics:
  Matrix range    [1e+00, 1e+00]
  Objective range [1e+00, 1e+00]
  Bounds range    [1e+00, 1e+02]
  RHS range       [1e+00, 1e+00]
Presolve removed 154 rows and 173 columns
Presolve time: 2.88s
Presolved: 5304 rows, 64244 columns, 182484 nonzeros
Variable types: 0 continuous, 64244 integer (59740 binary)
Optimize a model with 5304 rows, 64244 columns and 182484 nonzeros
Coefficient statistics:
  Matrix range    [1e+00, 1e+00]
  Objective range [1e+00, 1e+00]
  Bounds range    [1e+00, 1e+02]
  RHS range       [1e+00, 1e+00]
Presolved: 5304 rows, 64244 columns, 182484 nonzeros

Root barrier log...

Ordering time: 0.09s

Barrier statistics:
 AA' NZ     : 7.436e+04
 Factor NZ  : 2.381e+05 (roughly 30 MBytes of memory)
 Factor Ops : 1.755e+07 (less than 1 second per iteration)
 Threads    : 1

                  Objective                Residual
Iter       Primal          Dual         Primal    Dual     Compl     Time
   0   1.05142648e+02 -5.62293439e+04  2.56e+06 1.14e-03  2.26e+01     6s
   1   5.05092489e+01 -3.29924066e+04  3.48e+05 1.11e-15  3.25e+00     6s
   2   8.87517804e+01 -2.09680518e+04  1.16e+05 1.11e-15  1.12e+00     6s
   3   9.89108748e+01 -7.49737012e+03  1.88e+04 9.99e-16  2.10e-01     7s
   4   9.98039604e+01 -1.81381167e+03  4.38e+03 1.44e-15  4.87e-02     7s
   5   9.98158840e+01 -5.40750668e+02  1.83e+03 9.02e-16  1.86e-02     7s
   6   9.96859260e+01 -2.43659323e+02  1.04e+03 6.66e-16  1.02e-02     7s
   7   9.28670885e+01 -1.75803729e+02  3.54e+02 6.94e-16  4.65e-03     7s
   8   4.29627082e+01 -4.43893019e+01  5.27e+01 5.93e-16  1.02e-03     7s
   9   3.76661767e+01 -1.15817288e+01  2.12e+01 4.44e-16  4.80e-04     7s
  10   3.55408456e+01  4.18467250e+00  1.22e+01 4.16e-16  2.83e-04     8s
  11   3.37139813e+01  1.78160688e+01  5.30e+00 4.54e-16  1.34e-04     8s
  12   3.28672659e+01  1.97093514e+01  3.17e+00 5.00e-16  1.08e-04     8s
  13   3.20842897e+01  2.25525721e+01  1.66e+00 5.20e-16  7.66e-05     8s
  14   3.13419556e+01  2.33212857e+01  8.65e-01 5.55e-16  6.36e-05     8s
  15   3.03360008e+01  2.48122959e+01  2.70e-01 5.19e-16  4.33e-05     8s
  16   2.97673102e+01  2.66540608e+01  1.63e-01 4.98e-16  2.44e-05     8s
  17   2.94271001e+01  2.74891680e+01  1.05e-01 4.04e-16  1.52e-05     8s
  18   2.91962647e+01  2.76084113e+01  6.79e-02 4.39e-16  1.24e-05     9s
  19   2.91747027e+01  2.79590010e+01  6.44e-02 4.81e-16  9.53e-06     9s
  20   2.90286440e+01  2.82182930e+01  4.12e-02 3.85e-16  6.35e-06     9s
  21   2.88788804e+01  2.84518330e+01  1.83e-02 4.86e-16  3.34e-06     9s
  22   2.88397609e+01  2.85953009e+01  1.30e-02 3.48e-16  1.91e-06     9s
  23   2.87775851e+01  2.86533522e+01  4.96e-03 3.80e-16  9.72e-07     9s
  24   2.87639915e+01  2.86896031e+01  3.34e-03 3.75e-16  5.82e-07     9s
  25   2.87538254e+01  2.87076854e+01  2.09e-03 3.61e-16  3.61e-07     9s
  26   2.87510493e+01  2.87118355e+01  1.76e-03 3.89e-16  3.07e-07    10s
  27   2.87458338e+01  2.87206769e+01  1.16e-03 4.09e-16  1.97e-07    10s
  28   2.87414628e+01  2.87241022e+01  6.45e-04 4.50e-16  1.36e-07    10s
  29   2.87382294e+01  2.87312867e+01  2.24e-04 3.82e-16  5.42e-08    10s
  30   2.87366043e+01  2.87346735e+01  6.05e-05 3.89e-16  1.51e-08    10s
  31   2.87359813e+01  2.87358457e+01  2.73e-06 3.63e-16  1.06e-09    10s
  32   2.87359413e+01  2.87359413e+01  1.75e-09 3.89e-16  1.77e-13    10s

Barrier solved model in 32 iterations and 10.30 seconds
Optimal objective 2.87359413e+01


Root crossover log...

    3840 DPushes remaining with DInf 0.0000000e+00                10s
       0 DPushes remaining with DInf 1.2231593e+00                10s

    9804 PPushes remaining with PInf 0.0000000e+00                10s
       0 PPushes remaining with PInf 0.0000000e+00                11s

  Push phase complete: Pinf 0.0000000e+00, Dinf 1.2231593e+00     11s


Root simplex log...

Iteration    Objective       Primal Inf.    Dual Inf.      Time
   13646    2.8735941e+01   0.000000e+00   0.000000e+00     11s
   13646    2.8735941e+01   0.000000e+00   0.000000e+00     11s

Root relaxation: objective 2.873594e+01, 13646 iterations, 5.28 seconds
Total elapsed time = 15.68s

    Nodes    |    Current Node    |     Objective Bounds      |     Work
 Expl Unexpl |  Obj  Depth IntInf | Incumbent    BestBd   Gap | It/Node Time

     0     0   28.73594    0  151          -   28.73594      -     -   21s
H    0     0                      30.0000000   28.73594  4.21%     -   23s

Gurobi 6.0.2 (linux64) logging started Sun Jul 19 18:50:27 2015

Set parameter Threads to value 1
Set parameter Presolve to value 1
Set parameter Method to value 2
Set parameter MIPFocus to value 1
Set parameter Heuristics to value 1
Set parameter MIPGap to value 0
Set parameter MIPGapAbs to value 0.99999

Gurobi Optimizer version 6.0.2 build v6.0.2rc0 (linux64)
Copyright (c) 2015, Gurobi Optimization, Inc.

Read LP format model from file /tmp/tmpf5MTUf/4.lp
Reading time = 0.72 seconds
(null): 5458 rows, 64417 columns, 182539 nonzeros
Optimize a model with 5458 rows, 64417 columns and 182539 nonzeros
Coefficient statistics:
  Matrix range    [1e+00, 1e+00]
  Objective range [1e+00, 1e+00]
  Bounds range    [1e+00, 1e+02]
  RHS range       [1e+00, 1e+00]
Presolve removed 154 rows and 173 columns
Presolve time: 2.66s
Presolved: 5304 rows, 64244 columns, 182484 nonzeros
Variable types: 0 continuous, 64244 integer (59740 binary)
Optimize a model with 5304 rows, 64244 columns and 182484 nonzeros
Coefficient statistics:
  Matrix range    [1e+00, 1e+00]
  Objective range [1e+00, 1e+00]
  Bounds range    [1e+00, 1e+02]
  RHS range       [1e+00, 1e+00]
Presolved: 5304 rows, 64244 columns, 182484 nonzeros

Root barrier log...

Ordering time: 0.10s

Barrier statistics:
 AA' NZ     : 7.436e+04
 Factor NZ  : 2.381e+05 (roughly 30 MBytes of memory)
 Factor Ops : 1.755e+07 (less than 1 second per iteration)
 Threads    : 1

                  Objective                Residual
Iter       Primal          Dual         Primal    Dual     Compl     Time
   0   1.05142648e+02 -5.62293439e+04  2.56e+06 1.14e-03  2.26e+01     6s
   1   5.05092489e+01 -3.29924066e+04  3.48e+05 1.11e-15  3.25e+00     7s
   2   8.87517804e+01 -2.09680518e+04  1.16e+05 1.11e-15  1.12e+00     7s

Gurobi 6.0.2 (linux64) logging started Sun Jul 19 18:56:35 2015

Set parameter Threads to value 1
Set parameter Presolve to value 1
Set parameter Method to value 2
Set parameter MIPFocus to value 1
Set parameter Heuristics to value 1
Set parameter MIPGap to value 0
Set parameter MIPGapAbs to value 0.99999

Gurobi Optimizer version 6.0.2 build v6.0.2rc0 (linux64)
Copyright (c) 2015, Gurobi Optimization, Inc.

Read LP format model from file /tmp/tmpqG51rr/4.lp
Reading time = 0.22 seconds
(null): 5458 rows, 64417 columns, 182539 nonzeros
Optimize a model with 5458 rows, 64417 columns and 182539 nonzeros
Coefficient statistics:
  Matrix range    [1e+00, 1e+00]
  Objective range [1e+00, 1e+00]
  Bounds range    [1e+00, 1e+02]
  RHS range       [1e+00, 1e+00]
Presolve removed 154 rows and 173 columns
Presolve time: 1.20s
Presolved: 5304 rows, 64244 columns, 182484 nonzeros
Variable types: 0 continuous, 64244 integer (59740 binary)
Optimize a model with 5304 rows, 64244 columns and 182484 nonzeros
Coefficient statistics:
  Matrix range    [1e+00, 1e+00]
  Objective range [1e+00, 1e+00]
  Bounds range    [1e+00, 1e+02]
  RHS range       [1e+00, 1e+00]
Presolved: 5304 rows, 64244 columns, 182484 nonzeros

Root barrier log...

Ordering time: 0.03s

Barrier statistics:
 AA' NZ     : 7.436e+04
 Factor NZ  : 2.381e+05 (roughly 30 MBytes of memory)
 Factor Ops : 1.755e+07 (less than 1 second per iteration)
 Threads    : 1

                  Objective                Residual
Iter       Primal          Dual         Primal    Dual     Compl     Time
   0   1.05142648e+02 -5.62293439e+04  2.56e+06 1.14e-03  2.26e+01     2s
   1   5.05092489e+01 -3.29924066e+04  3.48e+05 1.11e-15  3.25e+00     3s
   2   8.87517804e+01 -2.09680518e+04  1.16e+05 1.11e-15  1.12e+00     3s
   3   9.89108748e+01 -7.49737012e+03  1.88e+04 9.99e-16  2.10e-01     3s
   4   9.98039604e+01 -1.81381167e+03  4.38e+03 1.44e-15  4.87e-02     3s
   5   9.98158840e+01 -5.40750668e+02  1.83e+03 9.02e-16  1.86e-02     3s
   6   9.96859260e+01 -2.43659323e+02  1.04e+03 6.66e-16  1.02e-02     3s
   7   9.28670885e+01 -1.75803729e+02  3.54e+02 6.94e-16  4.65e-03     3s
   8   4.29627082e+01 -4.43893019e+01  5.27e+01 5.93e-16  1.02e-03     3s
   9   3.76661767e+01 -1.15817288e+01  2.12e+01 4.44e-16  4.80e-04     3s
  10   3.55408456e+01  4.18467250e+00  1.22e+01 4.16e-16  2.83e-04     3s
  11   3.37139813e+01  1.78160688e+01  5.30e+00 4.54e-16  1.34e-04     3s
  12   3.28672659e+01  1.97093514e+01  3.17e+00 5.00e-16  1.08e-04     3s
  13   3.20842897e+01  2.25525721e+01  1.66e+00 5.20e-16  7.66e-05     3s
  14   3.13419556e+01  2.33212857e+01  8.65e-01 5.55e-16  6.36e-05     3s
  15   3.03360008e+01  2.48122959e+01  2.70e-01 5.19e-16  4.33e-05     3s
  16   2.97673102e+01  2.66540608e+01  1.63e-01 4.98e-16  2.44e-05     3s
  17   2.94271001e+01  2.74891680e+01  1.05e-01 4.04e-16  1.52e-05     4s
  18   2.91962647e+01  2.76084113e+01  6.79e-02 4.39e-16  1.24e-05     4s
  19   2.91747027e+01  2.79590010e+01  6.44e-02 4.81e-16  9.53e-06     4s
  20   2.90286440e+01  2.82182930e+01  4.12e-02 3.85e-16  6.35e-06     4s
  21   2.88788804e+01  2.84518330e+01  1.83e-02 4.86e-16  3.34e-06     4s
  22   2.88397609e+01  2.85953009e+01  1.30e-02 3.48e-16  1.91e-06     4s
  23   2.87775851e+01  2.86533522e+01  4.96e-03 3.80e-16  9.72e-07     4s
  24   2.87639915e+01  2.86896031e+01  3.34e-03 3.75e-16  5.82e-07     4s
  25   2.87538254e+01  2.87076854e+01  2.09e-03 3.61e-16  3.61e-07     4s
  26   2.87510493e+01  2.87118355e+01  1.76e-03 3.89e-16  3.07e-07     4s
  27   2.87458338e+01  2.87206769e+01  1.16e-03 4.09e-16  1.97e-07     4s
  28   2.87414628e+01  2.87241022e+01  6.45e-04 4.50e-16  1.36e-07     4s
  29   2.87382294e+01  2.87312867e+01  2.24e-04 3.82e-16  5.42e-08     4s
  30   2.87366043e+01  2.87346735e+01  6.05e-05 3.89e-16  1.51e-08     4s
  31   2.87359813e+01  2.87358457e+01  2.73e-06 3.63e-16  1.06e-09     4s
  32   2.87359413e+01  2.87359413e+01  1.75e-09 3.89e-16  1.77e-13     4s

Barrier solved model in 32 iterations and 4.37 seconds
Optimal objective 2.87359413e+01


Root relaxation: objective 2.873594e+01, 13646 iterations, 2.36 seconds
Total elapsed time = 5.87s

    Nodes    |    Current Node    |     Objective Bounds      |     Work
 Expl Unexpl |  Obj  Depth IntInf | Incumbent    BestBd   Gap | It/Node Time

     0     0   28.73594    0  151          -   28.73594      -     -    8s
H    0     0                      30.0000000   28.73594  4.21%     -   10s
     0     0   28.73957    0  243   30.00000   28.73957  4.20%     -   55s
     0     0   28.73987    0  239   30.00000   28.73987  4.20%     -  110s
     0     0   28.74471    0  248   30.00000   28.74471  4.18%     -  166s

Gurobi 6.0.2 (linux64) logging started Sun Jul 19 18:59:48 2015

Set parameter Threads to value 1
Set parameter Presolve to value 1
Set parameter Method to value 2
Set parameter MIPFocus to value 1
Set parameter Heuristics to value 1
Set parameter MIPGap to value 0
Set parameter MIPGapAbs to value 0.99999

Gurobi Optimizer version 6.0.2 build v6.0.2rc0 (linux64)
Copyright (c) 2015, Gurobi Optimization, Inc.

Read LP format model from file /tmp/tmpkwrTzM/4.lp
Reading time = 0.63 seconds
(null): 5458 rows, 64417 columns, 182539 nonzeros
Optimize a model with 5458 rows, 64417 columns and 182539 nonzeros
Coefficient statistics:
  Matrix range    [1e+00, 1e+00]
  Objective range [1e+00, 1e+00]
  Bounds range    [1e+00, 1e+02]
  RHS range       [1e+00, 1e+00]
Presolve removed 154 rows and 173 columns
Presolve time: 2.33s
Presolved: 5304 rows, 64244 columns, 182484 nonzeros
Variable types: 0 continuous, 64244 integer (59740 binary)
Optimize a model with 5304 rows, 64244 columns and 182484 nonzeros
Coefficient statistics:
  Matrix range    [1e+00, 1e+00]
  Objective range [1e+00, 1e+00]
  Bounds range    [1e+00, 1e+02]
  RHS range       [1e+00, 1e+00]
Presolved: 5304 rows, 64244 columns, 182484 nonzeros

Root barrier log...

Ordering time: 0.08s

Barrier statistics:
 AA' NZ     : 7.436e+04
 Factor NZ  : 2.381e+05 (roughly 30 MBytes of memory)
 Factor Ops : 1.755e+07 (less than 1 second per iteration)
 Threads    : 1

                  Objective                Residual
Iter       Primal          Dual         Primal    Dual     Compl     Time
   0   1.05142648e+02 -5.62293439e+04  2.56e+06 1.14e-03  2.26e+01     5s
   1   5.05092489e+01 -3.29924066e+04  3.48e+05 1.11e-15  3.25e+00     6s
   2   8.87517804e+01 -2.09680518e+04  1.16e+05 1.11e-15  1.12e+00     6s
   3   9.89108748e+01 -7.49737012e+03  1.88e+04 9.99e-16  2.10e-01     6s
   4   9.98039604e+01 -1.81381167e+03  4.38e+03 1.44e-15  4.87e-02     6s
   5   9.98158840e+01 -5.40750668e+02  1.83e+03 9.02e-16  1.86e-02     6s
   6   9.96859260e+01 -2.43659323e+02  1.04e+03 6.66e-16  1.02e-02     6s
   7   9.28670885e+01 -1.75803729e+02  3.54e+02 6.94e-16  4.65e-03     6s
   8   4.29627082e+01 -4.43893019e+01  5.27e+01 5.93e-16  1.02e-03     6s
   9   3.76661767e+01 -1.15817288e+01  2.12e+01 4.44e-16  4.80e-04     7s
  10   3.55408456e+01  4.18467250e+00  1.22e+01 4.16e-16  2.83e-04     7s
  11   3.37139813e+01  1.78160688e+01  5.30e+00 4.54e-16  1.34e-04     7s
  12   3.28672659e+01  1.97093514e+01  3.17e+00 5.00e-16  1.08e-04     7s
  13   3.20842897e+01  2.25525721e+01  1.66e+00 5.20e-16  7.66e-05     7s
  14   3.13419556e+01  2.33212857e+01  8.65e-01 5.55e-16  6.36e-05     7s
  15   3.03360008e+01  2.48122959e+01  2.70e-01 5.19e-16  4.33e-05     7s
  16   2.97673102e+01  2.66540608e+01  1.63e-01 4.98e-16  2.44e-05     7s
  17   2.94271001e+01  2.74891680e+01  1.05e-01 4.04e-16  1.52e-05     8s
  18   2.91962647e+01  2.76084113e+01  6.79e-02 4.39e-16  1.24e-05     8s
  19   2.91747027e+01  2.79590010e+01  6.44e-02 4.81e-16  9.53e-06     8s
  20   2.90286440e+01  2.82182930e+01  4.12e-02 3.85e-16  6.35e-06     8s
  21   2.88788804e+01  2.84518330e+01  1.83e-02 4.86e-16  3.34e-06     8s
  22   2.88397609e+01  2.85953009e+01  1.30e-02 3.48e-16  1.91e-06     8s
  23   2.87775851e+01  2.86533522e+01  4.96e-03 3.80e-16  9.72e-07     8s

Gurobi 6.0.2 (linux64) logging started Sun Jul 19 19:01:01 2015

Set parameter Threads to value 1
Set parameter Presolve to value 1
Set parameter Method to value 2
Set parameter MIPFocus to value 1
Set parameter Heuristics to value 1
Set parameter MIPGap to value 0
Set parameter MIPGapAbs to value 0.99999

Gurobi Optimizer version 6.0.2 build v6.0.2rc0 (linux64)
Copyright (c) 2015, Gurobi Optimization, Inc.

Read LP format model from file /tmp/tmpeE8zwP/4.lp
Reading time = 0.07 seconds
(null): 393 rows, 11452 columns, 33961 nonzeros
Optimize a model with 393 rows, 11452 columns and 33961 nonzeros
Coefficient statistics:
  Matrix range    [1e+00, 1e+00]
  Objective range [1e+00, 1e+00]
  Bounds range    [1e+00, 5e+02]
  RHS range       [1e+00, 1e+01]
Found heuristic solution: objective 402
Presolve removed 5 rows and 5 columns
Presolve time: 0.33s
Presolved: 388 rows, 11447 columns, 32240 nonzeros
Variable types: 0 continuous, 11447 integer (6420 binary)
Optimize a model with 388 rows, 11447 columns and 32240 nonzeros
Coefficient statistics:
  Matrix range    [1e+00, 1e+00]
  Objective range [1e+00, 1e+00]
  Bounds range    [1e+00, 5e+02]
  RHS range       [1e+00, 4e+01]
Presolved: 388 rows, 11447 columns, 32240 nonzeros

Root barrier log...

Ordering time: 0.01s

Barrier statistics:
 AA' NZ     : 1.759e+04
 Factor NZ  : 3.062e+04 (roughly 5 MBytes of memory)
 Factor Ops : 3.486e+06 (less than 1 second per iteration)
 Threads    : 1

                  Objective                Residual
Iter       Primal          Dual         Primal    Dual     Compl     Time
   0   4.73153379e+04 -6.55541325e+04  1.32e+06 2.61e-01  1.07e+02     1s
   1   5.04282491e+03 -2.25495518e+04  6.57e+04 6.66e-16  6.19e+00     1s
   2   1.06175182e+03 -7.42273809e+03  5.69e+03 1.78e-15  7.49e-01     1s
   3   5.37080283e+02 -2.94836978e+03  1.18e+03 8.88e-16  2.21e-01     1s
   4   3.05216884e+02 -1.23801822e+03  2.14e+02 4.44e-16  7.85e-02     1s
   5   2.21138556e+02 -5.42787737e+02  7.27e+01 2.71e-16  3.65e-02     1s
   6   1.96774353e+02 -4.42835042e+01  3.09e+01 2.78e-16  1.14e-02     1s
   7   1.85426888e+02  7.59568562e+01  1.51e+01 3.33e-16  5.09e-03     1s
   8   1.81497456e+02  1.28048082e+02  1.08e+01 2.22e-16  2.52e-03     1s
   9   1.75809379e+02  1.48827184e+02  5.57e+00 3.33e-16  1.26e-03     1s
  10   1.70900251e+02  1.56897064e+02  1.93e+00 2.22e-16  6.36e-04     1s
  11   1.68889811e+02  1.62342891e+02  8.71e-01 4.44e-16  2.96e-04     1s
  12   1.68101692e+02  1.64715102e+02  4.97e-01 3.33e-16  1.53e-04     1s
  13   1.67521199e+02  1.65771077e+02  2.15e-01 2.22e-16  7.83e-05     1s
  14   1.67144262e+02  1.66396802e+02  3.28e-02 3.33e-16  3.28e-05     1s
  15   1.67062001e+02  1.66839313e+02  1.33e-02 2.41e-16  9.80e-06     1s
  16   1.67002630e+02  1.66968128e+02  1.08e-04 3.33e-16  1.50e-06     1s
  17   1.67000033e+02  1.66999856e+02  3.98e-13 3.33e-16  7.68e-09     1s
  18   1.67000000e+02  1.67000000e+02  6.82e-13 3.33e-16  7.68e-12     1s

Barrier solved model in 18 iterations and 0.89 seconds
Optimal objective 1.67000000e+02


Root relaxation: objective 1.670000e+02, 2834 iterations, 0.63 seconds

    Nodes    |    Current Node    |     Objective Bounds      |     Work
 Expl Unexpl |  Obj  Depth IntInf | Incumbent    BestBd   Gap | It/Node Time

     0     0  167.00000    0  109  402.00000  167.00000  58.5%     -    1s
H    0     0                     171.0000000  167.00000  2.34%     -    1s
H    0     0                     167.0000000  167.00000  0.00%     -    5s

Explored 0 nodes (4885 simplex iterations) in 5.03 seconds
Thread count was 1 (of 4 available processors)

Optimal solution found (tolerance 0.00e+00)
Best objective 1.670000000000e+02, best bound 1.670000000000e+02, gap 0.0%

Wrote result file '/tmp/P2wIxm9Ij4/vars.sol'


Gurobi 6.0.2 (linux64) logging started Sun Jul 19 19:09:10 2015

Set parameter Threads to value 1
Set parameter Presolve to value 1
Set parameter Method to value 2
Set parameter MIPFocus to value 1
Set parameter Heuristics to value 1
Set parameter MIPGap to value 0
Set parameter MIPGapAbs to value 0.99999

Gurobi Optimizer version 6.0.2 build v6.0.2rc0 (linux64)
Copyright (c) 2015, Gurobi Optimization, Inc.

Read LP format model from file /tmp/tmpeE8zwP/4.lp
Reading time = 0.05 seconds
(null): 393 rows, 11452 columns, 33961 nonzeros
Optimize a model with 393 rows, 11452 columns and 33961 nonzeros
Coefficient statistics:
  Matrix range    [1e+00, 1e+00]
  Objective range [1e+00, 1e+00]
  Bounds range    [1e+00, 5e+02]
  RHS range       [1e+00, 1e+01]
Found heuristic solution: objective 402
Presolve removed 5 rows and 5 columns
Presolve time: 0.17s
Presolved: 388 rows, 11447 columns, 32240 nonzeros
Variable types: 0 continuous, 11447 integer (6420 binary)
Optimize a model with 388 rows, 11447 columns and 32240 nonzeros
Coefficient statistics:
  Matrix range    [1e+00, 1e+00]
  Objective range [1e+00, 1e+00]
  Bounds range    [1e+00, 5e+02]
  RHS range       [1e+00, 4e+01]
Presolved: 388 rows, 11447 columns, 32240 nonzeros

Root barrier log...

Ordering time: 0.00s

Barrier statistics:
 AA' NZ     : 1.759e+04
 Factor NZ  : 3.062e+04 (roughly 5 MBytes of memory)
 Factor Ops : 3.486e+06 (less than 1 second per iteration)
 Threads    : 1

                  Objective                Residual
Iter       Primal          Dual         Primal    Dual     Compl     Time
   0   4.73153379e+04 -6.55541325e+04  1.32e+06 2.61e-01  1.07e+02     0s
   1   5.04282491e+03 -2.25495518e+04  6.57e+04 6.66e-16  6.19e+00     0s
   2   1.06175182e+03 -7.42273809e+03  5.69e+03 1.78e-15  7.49e-01     0s
   3   5.37080283e+02 -2.94836978e+03  1.18e+03 8.88e-16  2.21e-01     0s
   4   3.05216884e+02 -1.23801822e+03  2.14e+02 4.44e-16  7.85e-02     0s
   5   2.21138556e+02 -5.42787737e+02  7.27e+01 2.71e-16  3.65e-02     0s
   6   1.96774353e+02 -4.42835042e+01  3.09e+01 2.78e-16  1.14e-02     0s
   7   1.85426888e+02  7.59568562e+01  1.51e+01 3.33e-16  5.09e-03     0s
   8   1.81497456e+02  1.28048082e+02  1.08e+01 2.22e-16  2.52e-03     0s
   9   1.75809379e+02  1.48827184e+02  5.57e+00 3.33e-16  1.26e-03     0s
  10   1.70900251e+02  1.56897064e+02  1.93e+00 2.22e-16  6.36e-04     0s
  11   1.68889811e+02  1.62342891e+02  8.71e-01 4.44e-16  2.96e-04     0s
  12   1.68101692e+02  1.64715102e+02  4.97e-01 3.33e-16  1.53e-04     0s
  13   1.67521199e+02  1.65771077e+02  2.15e-01 2.22e-16  7.83e-05     0s
  14   1.67144262e+02  1.66396802e+02  3.28e-02 3.33e-16  3.28e-05     0s
  15   1.67062001e+02  1.66839313e+02  1.33e-02 2.41e-16  9.80e-06     0s
  16   1.67002630e+02  1.66968128e+02  1.08e-04 3.33e-16  1.50e-06     0s
  17   1.67000033e+02  1.66999856e+02  3.98e-13 3.33e-16  7.68e-09     0s
  18   1.67000000e+02  1.67000000e+02  6.82e-13 3.33e-16  7.68e-12     1s

Barrier solved model in 18 iterations and 0.50 seconds
Optimal objective 1.67000000e+02


Root relaxation: objective 1.670000e+02, 2834 iterations, 0.36 seconds

    Nodes    |    Current Node    |     Objective Bounds      |     Work
 Expl Unexpl |  Obj  Depth IntInf | Incumbent    BestBd   Gap | It/Node Time

     0     0  167.00000    0  109  402.00000  167.00000  58.5%     -    0s
H    0     0                     171.0000000  167.00000  2.34%     -    1s
H    0     0                     167.0000000  167.00000  0.00%     -    2s

Explored 0 nodes (4885 simplex iterations) in 2.35 seconds
Thread count was 1 (of 4 available processors)

Optimal solution found (tolerance 0.00e+00)
Best objective 1.670000000000e+02, best bound 1.670000000000e+02, gap 0.0%

Wrote result file '/tmp/C1sXaqIrOx/vars.sol'


Gurobi 6.0.2 (linux64) logging started Sun Jul 19 19:10:25 2015

Set parameter Threads to value 1
Set parameter Presolve to value 1
Set parameter Method to value 2
Set parameter MIPFocus to value 1
Set parameter Heuristics to value 1
Set parameter MIPGap to value 0
Set parameter MIPGapAbs to value 0.99999

Gurobi Optimizer version 6.0.2 build v6.0.2rc0 (linux64)
Copyright (c) 2015, Gurobi Optimization, Inc.

Read LP format model from file /tmp/tmpeE8zwP/4.lp
Reading time = 0.04 seconds
(null): 393 rows, 11452 columns, 33961 nonzeros
Optimize a model with 393 rows, 11452 columns and 33961 nonzeros
Coefficient statistics:
  Matrix range    [1e+00, 1e+00]
  Objective range [1e+00, 1e+00]
  Bounds range    [1e+00, 5e+02]
  RHS range       [1e+00, 1e+01]
Found heuristic solution: objective 402
Presolve removed 5 rows and 5 columns
Presolve time: 0.13s
Presolved: 388 rows, 11447 columns, 32240 nonzeros
Variable types: 0 continuous, 11447 integer (6420 binary)
Optimize a model with 388 rows, 11447 columns and 32240 nonzeros
Coefficient statistics:
  Matrix range    [1e+00, 1e+00]
  Objective range [1e+00, 1e+00]
  Bounds range    [1e+00, 5e+02]
  RHS range       [1e+00, 4e+01]
Presolved: 388 rows, 11447 columns, 32240 nonzeros

Root barrier log...

Ordering time: 0.00s

Barrier statistics:
 AA' NZ     : 1.759e+04
 Factor NZ  : 3.062e+04 (roughly 5 MBytes of memory)
 Factor Ops : 3.486e+06 (less than 1 second per iteration)
 Threads    : 1

                  Objective                Residual
Iter       Primal          Dual         Primal    Dual     Compl     Time
   0   4.73153379e+04 -6.55541325e+04  1.32e+06 2.61e-01  1.07e+02     0s
   1   5.04282491e+03 -2.25495518e+04  6.57e+04 6.66e-16  6.19e+00     0s
   2   1.06175182e+03 -7.42273809e+03  5.69e+03 1.78e-15  7.49e-01     0s
   3   5.37080283e+02 -2.94836978e+03  1.18e+03 8.88e-16  2.21e-01     0s
   4   3.05216884e+02 -1.23801822e+03  2.14e+02 4.44e-16  7.85e-02     0s
   5   2.21138556e+02 -5.42787737e+02  7.27e+01 2.71e-16  3.65e-02     0s
   6   1.96774353e+02 -4.42835042e+01  3.09e+01 2.78e-16  1.14e-02     0s
   7   1.85426888e+02  7.59568562e+01  1.51e+01 3.33e-16  5.09e-03     0s
   8   1.81497456e+02  1.28048082e+02  1.08e+01 2.22e-16  2.52e-03     0s
   9   1.75809379e+02  1.48827184e+02  5.57e+00 3.33e-16  1.26e-03     0s
  10   1.70900251e+02  1.56897064e+02  1.93e+00 2.22e-16  6.36e-04     0s
  11   1.68889811e+02  1.62342891e+02  8.71e-01 4.44e-16  2.96e-04     0s
  12   1.68101692e+02  1.64715102e+02  4.97e-01 3.33e-16  1.53e-04     0s
  13   1.67521199e+02  1.65771077e+02  2.15e-01 2.22e-16  7.83e-05     0s
  14   1.67144262e+02  1.66396802e+02  3.28e-02 3.33e-16  3.28e-05     0s
  15   1.67062001e+02  1.66839313e+02  1.33e-02 2.41e-16  9.80e-06     0s
  16   1.67002630e+02  1.66968128e+02  1.08e-04 3.33e-16  1.50e-06     0s
  17   1.67000033e+02  1.66999856e+02  3.98e-13 3.33e-16  7.68e-09     0s
  18   1.67000000e+02  1.67000000e+02  6.82e-13 3.33e-16  7.68e-12     0s

Barrier solved model in 18 iterations and 0.37 seconds
Optimal objective 1.67000000e+02


Root relaxation: objective 1.670000e+02, 2834 iterations, 0.26 seconds

    Nodes    |    Current Node    |     Objective Bounds      |     Work
 Expl Unexpl |  Obj  Depth IntInf | Incumbent    BestBd   Gap | It/Node Time

     0     0  167.00000    0  109  402.00000  167.00000  58.5%     -    0s
H    0     0                     171.0000000  167.00000  2.34%     -    0s
H    0     0                     167.0000000  167.00000  0.00%     -    1s

Explored 0 nodes (4885 simplex iterations) in 1.95 seconds
Thread count was 1 (of 4 available processors)

Optimal solution found (tolerance 0.00e+00)
Best objective 1.670000000000e+02, best bound 1.670000000000e+02, gap 0.0%

Wrote result file '/tmp/rMjCzXCXJI/vars.sol'

