\BOOKMARK [0][-]{chapter.1}{\376\377\000I\000n\000t\000r\000o\000d\000u\000c\000t\000i\000o\000n}{}% 1
\BOOKMARK [0][-]{chapter.2}{\376\377\000D\000o\000w\000n\000l\000o\000a\000d}{}% 2
\BOOKMARK [1][-]{section.2.1}{\376\377\000C\000o\000d\000e}{chapter.2}% 3
\BOOKMARK [1][-]{section.2.2}{\376\377\000D\000o\000c\000u\000m\000e\000n\000t\000a\000t\000i\000o\000n}{chapter.2}% 4
\BOOKMARK [1][-]{section.2.3}{\376\377\000D\000e\000p\000e\000n\000d\000e\000n\000c\000i\000e\000s}{chapter.2}% 5
\BOOKMARK [1][-]{section.2.4}{\376\377\000I\000n\000s\000t\000a\000l\000l\000a\000t\000i\000o\000n}{chapter.2}% 6
\BOOKMARK [1][-]{section.2.5}{\376\377\000R\000e\000f\000e\000r\000e\000n\000c\000e}{chapter.2}% 7
\BOOKMARK [1][-]{section.2.6}{\376\377\000F\000u\000n\000d\000i\000n\000g}{chapter.2}% 8
\BOOKMARK [0][-]{chapter.3}{\376\377\000T\000u\000t\000o\000r\000i\000a\000l\000s}{}% 9
\BOOKMARK [1][-]{section.3.1}{\376\377\000C\000o\000n\000s\000t\000r\000u\000c\000t\000i\000n\000g\000\040\000a\000n\000d\000\040\000a\000n\000a\000l\000y\000z\000i\000n\000g\000\040\000a\000\040\000c\000l\000i\000m\000a\000t\000e\000\040\000n\000e\000t\000w\000o\000r\000k}{chapter.3}% 10
\BOOKMARK [1][-]{section.3.2}{\376\377\000R\000e\000c\000u\000r\000r\000e\000n\000c\000e\000\040\000n\000e\000t\000w\000o\000r\000k\000\040\000a\000n\000a\000l\000y\000s\000i\000s\000\040\000o\000f\000\040\000t\000h\000e\000\040\000l\000o\000g\000i\000s\000t\000i\000c\000\040\000m\000a\000p}{chapter.3}% 11
\BOOKMARK [0][-]{chapter.4}{\376\377\000M\000e\000t\000h\000o\000d\000s}{}% 12
\BOOKMARK [1][-]{section.4.1}{\376\377\000G\000e\000n\000e\000r\000a\000l\000\040\000c\000o\000m\000p\000l\000e\000x\000\040\000n\000e\000t\000w\000o\000r\000k\000s}{chapter.4}% 13
\BOOKMARK [1][-]{section.4.2}{\376\377\000S\000p\000a\000t\000i\000a\000l\000l\000y\000\040\000e\000m\000b\000e\000d\000d\000e\000d\000\040\000n\000e\000t\000w\000o\000r\000k\000s}{chapter.4}% 14
\BOOKMARK [1][-]{section.4.3}{\376\377\000I\000n\000t\000e\000r\000a\000c\000t\000i\000n\000g\000/\000i\000n\000t\000e\000r\000d\000e\000p\000e\000n\000d\000e\000n\000t\000/\000m\000u\000l\000t\000i\000p\000l\000e\000x\000\040\000n\000e\000t\000w\000o\000r\000k\000s\000\040\000/\000\040\000n\000e\000t\000w\000o\000r\000k\000s\000\040\000o\000f\000\040\000n\000e\000t\000w\000o\000r\000k\000s}{chapter.4}% 15
\BOOKMARK [1][-]{section.4.4}{\376\377\000N\000o\000d\000e\000-\000w\000e\000i\000g\000h\000t\000e\000d\000\040\000n\000e\000t\000w\000o\000r\000k\000\040\000m\000e\000a\000s\000u\000r\000e\000s\000\040\000/\000\040\000n\000o\000d\000e\000-\000s\000p\000l\000i\000t\000t\000i\000n\000g\000\040\000i\000n\000v\000a\000r\000i\000a\000n\000c\000e}{chapter.4}% 16
\BOOKMARK [1][-]{section.4.5}{\376\377\000C\000l\000i\000m\000a\000t\000e\000\040\000n\000e\000t\000w\000o\000r\000k\000s\000\040\000/\000\040\000C\000o\000u\000p\000l\000e\000d\000\040\000c\000l\000i\000m\000a\000t\000e\000\040\000n\000e\000t\000w\000o\000r\000k\000s}{chapter.4}% 17
\BOOKMARK [1][-]{section.4.6}{\376\377\000R\000e\000c\000u\000r\000r\000e\000n\000c\000e\000\040\000n\000e\000t\000w\000o\000r\000k\000s\000\040\000/\000\040\000r\000e\000c\000u\000r\000r\000e\000n\000c\000e\000\040\000q\000u\000a\000n\000t\000i\000f\000i\000c\000a\000t\000i\000o\000n\000\040\000a\000n\000a\000l\000y\000s\000i\000s\000\040\000/\000\040\000r\000e\000c\000u\000r\000r\000e\000n\000c\000e\000\040\000p\000l\000o\000t\000s}{chapter.4}% 18
\BOOKMARK [1][-]{section.4.7}{\376\377\000V\000i\000s\000i\000b\000i\000l\000i\000t\000y\000\040\000g\000r\000a\000p\000h\000\040\000a\000n\000a\000l\000y\000s\000i\000s}{chapter.4}% 19
\BOOKMARK [1][-]{section.4.8}{\376\377\000S\000u\000r\000r\000o\000g\000a\000t\000e\000\040\000t\000i\000m\000e\000\040\000s\000e\000r\000i\000e\000s}{chapter.4}% 20
\BOOKMARK [0][-]{chapter.5}{\376\377\000A\000P\000I}{}% 21
\BOOKMARK [1][-]{section.5.1}{\376\377\000c\000o\000r\000e}{chapter.5}% 22
\BOOKMARK [1][-]{section.5.2}{\376\377\000c\000l\000i\000m\000a\000t\000e}{chapter.5}% 23
\BOOKMARK [1][-]{section.5.3}{\376\377\000t\000i\000m\000e\000s\000e\000r\000i\000e\000s}{chapter.5}% 24
\BOOKMARK [1][-]{section.5.4}{\376\377\000f\000u\000n\000c\000n\000e\000t}{chapter.5}% 25
\BOOKMARK [1][-]{section.5.5}{\376\377\000e\000v\000e\000n\000t\000s\000e\000r\000i\000e\000s}{chapter.5}% 26
\BOOKMARK [1][-]{section.5.6}{\376\377\000u\000t\000i\000l\000s}{chapter.5}% 27
\BOOKMARK [0][-]{chapter.6}{\376\377\000D\000e\000v\000e\000l\000o\000p\000m\000e\000n\000t}{}% 28
\BOOKMARK [1][-]{section.6.1}{\376\377\000T\000e\000s\000t\000\040\000s\000u\000i\000t\000e}{chapter.6}% 29
\BOOKMARK [1][-]{section.6.2}{\376\377\000M\000a\000i\000l\000i\000n\000g\000\040\000l\000i\000s\000t}{chapter.6}% 30
\BOOKMARK [0][-]{chapter.7}{\376\377\000C\000h\000a\000n\000g\000e\000l\000o\000g}{}% 31
\BOOKMARK [0][-]{chapter.8}{\376\377\000P\000u\000b\000l\000i\000c\000a\000t\000i\000o\000n\000s}{}% 32
\BOOKMARK [1][-]{section.8.1}{\376\377\000G\000e\000n\000e\000r\000a\000l\000\040\000c\000o\000m\000p\000l\000e\000x\000\040\000n\000e\000t\000w\000o\000r\000k\000s}{chapter.8}% 33
\BOOKMARK [1][-]{section.8.2}{\376\377\000S\000p\000a\000t\000i\000a\000l\000l\000y\000\040\000e\000m\000b\000e\000d\000d\000e\000d\000\040\000n\000e\000t\000w\000o\000r\000k\000s}{chapter.8}% 34
\BOOKMARK [1][-]{section.8.3}{\376\377\000I\000n\000t\000e\000r\000a\000c\000t\000i\000n\000g\000/\000i\000n\000t\000e\000r\000d\000e\000p\000e\000n\000d\000e\000n\000t\000\040\000n\000e\000t\000w\000o\000r\000k\000s\000\040\000/\000\040\000n\000e\000t\000w\000o\000r\000k\000s\000\040\000o\000f\000\040\000n\000e\000t\000w\000o\000r\000k\000s}{chapter.8}% 35
\BOOKMARK [1][-]{section.8.4}{\376\377\000N\000o\000d\000e\000-\000w\000e\000i\000g\000h\000t\000e\000d\000\040\000n\000e\000t\000w\000o\000r\000k\000\040\000m\000e\000a\000s\000u\000r\000e\000s\000\040\000/\000\040\000n\000o\000d\000e\000-\000s\000p\000l\000i\000t\000t\000i\000n\000g\000\040\000i\000n\000v\000a\000r\000i\000a\000n\000c\000e}{chapter.8}% 36
\BOOKMARK [1][-]{section.8.5}{\376\377\000C\000l\000i\000m\000a\000t\000e\000\040\000d\000a\000t\000a\000\040\000a\000n\000a\000l\000y\000s\000i\000s\000\040\000\050\000g\000e\000n\000e\000r\000a\000l\000\051}{chapter.8}% 37
\BOOKMARK [1][-]{section.8.6}{\376\377\000C\000l\000i\000m\000a\000t\000e\000\040\000n\000e\000t\000w\000o\000r\000k\000s\000\040\000/\000\040\000C\000o\000u\000p\000l\000e\000d\000\040\000c\000l\000i\000m\000a\000t\000e\000\040\000n\000e\000t\000w\000o\000r\000k\000s}{chapter.8}% 38
\BOOKMARK [1][-]{section.8.7}{\376\377\000P\000o\000w\000e\000r\000\040\000G\000r\000i\000d\000s\000/\000P\000o\000w\000e\000r\000\040\000N\000e\000t\000w\000o\000r\000k\000s}{chapter.8}% 39
\BOOKMARK [1][-]{section.8.8}{\376\377\000T\000i\000m\000e\000\040\000s\000e\000r\000i\000e\000s\000\040\000a\000n\000a\000l\000y\000s\000i\000s\000\040\000a\000n\000d\000\040\000s\000y\000n\000c\000h\000r\000o\000n\000i\000z\000a\000t\000i\000o\000n}{chapter.8}% 40
\BOOKMARK [1][-]{section.8.9}{\376\377\000R\000e\000c\000u\000r\000r\000e\000n\000c\000e\000\040\000n\000e\000t\000w\000o\000r\000k\000s\000\040\000/\000\040\000q\000u\000a\000n\000t\000i\000f\000i\000c\000a\000t\000i\000o\000n\000\040\000a\000n\000a\000l\000y\000s\000i\000s\000\040\000/\000\040\000p\000l\000o\000t\000s}{chapter.8}% 41
\BOOKMARK [1][-]{section.8.10}{\376\377\000V\000i\000s\000i\000b\000i\000l\000i\000t\000y\000\040\000g\000r\000a\000p\000h\000\040\000a\000n\000a\000l\000y\000s\000i\000s}{chapter.8}% 42
\BOOKMARK [0][-]{chapter.9}{\376\377\000L\000i\000c\000e\000n\000s\000e}{}% 43
\BOOKMARK [0][-]{chapter.10}{\376\377\000C\000o\000n\000t\000a\000c\000t}{}% 44
\BOOKMARK [1][-]{section.10.1}{\376\377\000F\000u\000n\000d\000i\000n\000g}{chapter.10}% 45
\BOOKMARK [0][-]{chapter*.851}{\376\377\000B\000i\000b\000l\000i\000o\000g\000r\000a\000p\000h\000y}{}% 46
\BOOKMARK [0][-]{section*.917}{\376\377\000P\000y\000t\000h\000o\000n\000\040\000M\000o\000d\000u\000l\000e\000\040\000I\000n\000d\000e\000x}{}% 47
\BOOKMARK [0][-]{section*.918}{\376\377\000I\000n\000d\000e\000x}{}% 48
