10.413715
13.638843
8.983139
9.031837
8.380624
11.954411
12.158539
8.037279
6.918166
11.457280
11.317281
10.115066
8.495200
12.275279
13.273564
4.712129
10.048655
11.305183
12.649697
8.350308
14.279255
10.343147
6.098945
7.949227
13.679454
12.278657
9.890256
4.228268
14.295924
14.388805
8.515640
9.307117
10.508748
3.949036
9.658064
7.501305
13.886249
9.446325
9.512543
10.556646
7.989495
12.532597
11.431059
8.776841
7.012502
14.302429
16.362978
11.842635
11.564815
7.218896
13.291047
14.597930
10.207554
11.057876
6.765642
11.633373
12.152719
7.279197
10.504684
10.972094
7.671954
11.799703
6.382198
13.695641
10.173651
7.968491
8.374241
11.495133
6.888538
13.160804
13.703163
9.726110
10.588275
11.025544
5.806801
10.897935
7.783540
11.923969
13.196045
7.132212
6.633934
8.305066
10.717588
11.078554
9.491159
9.680883
7.232545
11.483358
12.074055
8.214923
10.782687
5.645627
16.518779
7.868489
9.840653
11.993187
11.444979
9.558299
11.133063
7.941812
7.000104
10.613323
10.326942
5.504805
9.512340
4.757741
5.207970
10.757161
7.393683
8.418417
7.340650
9.074710
7.866449
5.966259
11.319723
7.790913
2.880550
10.253954
9.511773
7.759957
5.019351
4.283498
7.932660
9.811841
10.859960
6.934703
16.734380
10.224284
11.658537
10.079969
10.267574
12.801077
4.733325
4.662692
2.731694
13.294548
7.805033
10.808896
3.473849
9.029134
15.104631
8.591835
11.872207
8.417844
8.018564
8.783166
10.431147
11.386260
9.238920
8.135339
8.977228
6.667479
2.634922
9.377988
13.433415
6.851522
11.429224
7.805969
12.986455
10.652276
12.324082
5.226928
12.457128
12.562989
13.402057
11.385946
8.162699
10.190477
5.765173
9.434108
11.281759
8.456838
12.790926
6.427438
11.351250
13.703413
14.749257
12.408202
6.119169
14.302304
7.291572
8.547502
14.104028
10.921218
10.246058
7.975604
7.495674
13.775169
8.875496
7.570853
13.826249
14.024033
10.163270
5.831155
11.885639
5.811474
12.268499
12.533344
8.475725
10.308048
9.203229
14.714340
12.232700
11.775094
12.248900
10.720445
16.622917
8.941784
5.536247
8.158692
9.056128
13.187230
13.658667
12.423181
18.719195
16.554790
13.583236
3.627145
6.170268
8.034735
13.107715
10.744178
9.583594
6.646485
9.300060
6.591507
9.595301
8.636921
11.913953
7.308964
14.731982
13.282978
12.254595
12.889478
8.417633
5.585392
11.065792
9.919496
14.365535
8.761147
9.975468
10.000464
13.658025
17.188494
10.305379
5.797794
12.086297
11.796528
15.089972
9.247927
11.979866
7.967542
12.689604
9.737548
12.715605
10.599680
7.769690
6.335897
6.139303
11.607731
11.051230
10.557863
13.496643
9.620399
14.032818
11.253679
10.897144
7.747644
13.284998
13.894810
5.674840
5.390141
7.695137
10.515900
9.860820
9.431619
10.077321
10.636645
10.609537
17.389350
15.042773
11.357182
12.490786
12.456536
15.007936
11.110315
6.350300
13.631148
9.675393
7.429102
7.222884
9.835799
10.943972
7.775742
10.891076
7.739788
13.115683
10.663739
9.358107
7.752290
7.965869
15.406932
10.321436
12.469949
13.233415
8.119866
12.176062
10.760836
8.042505
16.087889
13.565397
6.857238
9.649182
11.031328
10.672186
4.585113
12.301667
11.886083
3.394329
10.060950
11.706461
11.668604
9.122872
10.851375
15.828932
12.639260
6.660313
6.777644
12.346390
8.303754
10.636299
5.832695
4.564563
10.151527
7.182620
12.074579
17.066575
10.249260
6.882852
6.229993
7.078503
15.020662
16.231944
11.101447
15.979485
12.951757
9.155943
13.996343
6.822800
8.839835
15.918950
10.524846
10.326637
12.457503
14.550771
11.025414
17.814813
7.790846
12.256502
13.455509
11.087738
11.344542
14.774641
11.463039
12.322013
13.344965
8.823316
11.033964
11.269139
9.236653
13.041876
8.156006
10.819196
6.214524
8.995655
6.234850
12.570780
9.586622
12.125293
9.581174
9.796395
9.491863
8.623874
10.569587
10.389147
7.105615
2.433545
7.733325
8.382840
8.257314
10.127024
11.485306
16.194097
4.999424
14.560265
5.211868
13.030658
8.956020
3.040701
8.061565
9.345631
8.963783
4.495712
13.036238
8.216834
11.233501
7.095694
5.084063
8.912100
6.399629
8.134646
13.391167
8.147502
10.899239
10.192643
13.364576
10.478499
7.657650
8.842390
13.231031
5.737738
8.824933
14.422774
8.120619
11.826438
7.218920
12.057722
10.704334
11.319925
12.944875
11.282609
16.678502
12.674381
8.189439
10.032889
9.330326
10.862378
9.332673
6.932420
9.873886
10.519275
11.583194
15.260631
12.042480
10.603649
6.199864
8.571481
7.478735
15.987510
8.365598
9.596941
12.086091
6.503617
9.070771
16.274418
6.734964
9.475632
8.913277
9.533710
10.074236
8.113977
8.508388
10.169405
8.737833
14.839361
12.560969
6.226252
12.499821
10.836060
6.583534
7.986209
12.299115
8.024623
11.427126
8.797217
8.042844
7.278953
8.596050
11.918313
12.913553
9.611138
9.977535
9.764106
9.308141
13.080484
11.475645
8.951979
12.743574
10.247131
7.730537
6.748093
7.897894
11.555913
7.578366
13.503020
10.243053
9.190476
13.473111
10.946689
11.653331
12.166196
7.934527
12.029437
15.494903
5.193571
8.053304
7.066910
13.373848
11.052745
12.320863
7.845079
13.844959
12.368486
14.540718
7.796327
8.457307
8.470168
7.178097
4.060325
9.632661
13.524416
7.677517
9.180101
12.122687
9.896217
10.383104
11.848980
10.042556
6.629089
12.254850
14.056796
5.463978
10.957495
10.688490
8.811977
6.097664
10.396275
8.921689
5.919723
10.382255
9.659372
7.327289
5.883961
11.042445
7.155974
10.065387
11.862455
9.742908
10.422374
11.193914
9.035511
9.224671
9.392146
9.928945
15.334121
11.722915
8.308470
11.176525
12.013042
9.518108
7.731812
6.103899
10.695801
12.498584
10.561431
11.135202
7.160654
11.405699
12.819690
8.779071
13.239694
9.950578
8.276345
11.461284
6.135004
13.975545
12.753210
14.986919
5.788713
5.703804
9.062995
6.796023
9.348353
11.237972
7.469605
7.202839
9.806657
8.648356
13.373273
9.625163
8.739662
16.407980
7.741515
14.195815
12.560652
17.143644
12.931911
11.775183
6.634370
11.527397
10.316105
11.299973
13.989804
12.076381
12.964918
14.816574
8.764437
14.605899
9.574840
10.735555
11.930410
11.742526
14.213387
18.528595
6.913852
10.598205
9.415852
9.433785
8.167953
10.958182
4.154844
10.451244
9.236352
15.608934
3.224037
10.356307
14.123536
13.858527
11.693948
7.309754
12.104709
9.162254
11.363912
11.986034
10.974193
4.449261
9.324860
13.454967
6.146854
12.650785
11.040863
8.766633
8.333948
8.534357
13.506918
11.326938
10.724166
10.292621
9.632689
8.023508
6.815964
9.910313
14.274191
11.150313
5.563933
6.564014
11.646048
11.257640
6.479399
10.338685
9.411867
8.144243
9.092867
10.156116
8.426049
7.543213
9.758030
9.635241
8.519533
17.954608
8.661698
8.913928
8.406128
10.856702
7.784716
11.106637
13.586824
11.156519
5.854101
17.683088
13.209554
12.553439
7.260265
9.276094
9.474291
13.303871
14.038540
5.330560
14.020681
8.486513
9.987008
8.923615
17.265231
6.963736
5.622946
8.892141
11.271164
11.955416
11.928620
9.809843
9.256814
11.319923
9.285125
7.870823
10.145270
11.158883
7.689522
7.637109
5.627876
8.266800
8.964901
6.883509
12.498223
10.476817
7.757743
9.219206
6.726575
7.839077
9.537805
13.286061
10.118701
11.778108
12.449890
11.456948
7.116398
12.275953
10.668927
12.111803
11.290956
10.609200
14.063723
8.611862
12.256895
8.549678
11.121807
13.294974
12.188149
10.506684
5.613249
11.675297
7.489291
15.607010
11.472350
12.019463
14.139820
13.361544
11.613555
5.252544
11.828813
10.085778
9.883054
10.181771
8.315085
17.157840
7.722768
16.625436
8.650365
12.617050
12.453927
12.931875
10.967545
12.400800
12.548291
5.550486
8.949966
11.667761
11.450525
8.635489
12.107714
11.839005
8.556167
3.651335
10.933386
8.226524
15.093133
7.642451
7.054153
9.712149
7.964720
10.705394
9.116978
6.715456
11.002361
9.519102
9.806309
10.192422
8.592275
15.553857
8.341059
7.740062
6.983524
5.171158
9.043146
9.099963
11.781782
10.562286
10.359222
8.481618
7.997678
9.373137
9.467796
8.992381
8.777901
11.184614
10.764629
11.620339
10.594790
12.091696
17.203682
8.330421
11.123905
11.661944
14.151713
6.128156
14.239083
12.336976
5.084761
7.945455
10.062725
5.309600
10.383873
16.305308
11.033109
12.047753
12.174875
10.442860
10.868296
17.373749
10.201058
11.133183
12.513515
14.081139
10.571718
5.624414
14.539194
9.664425
14.443581
7.601902
5.146402
9.811720
13.370217
11.259372
11.650103
5.993062
11.617371
8.452922
10.046312
10.033464
7.290963
8.585916
13.564215
11.409868
13.223727
9.122185
8.517861
8.974474
9.446482
9.650451
9.259640
14.146038
13.560645
14.490222
13.803536
7.842223
10.128100
2.907817
12.154326
13.434253
8.825269
12.738325
13.322370
8.210818
9.065521
11.445527
8.670277
11.123985
11.957441
6.136102
9.444927
10.853137
7.955696
12.606418
11.456715
14.721716
12.845338
11.176132
6.156386
3.229566
10.303915
17.710200
8.093009
9.986299
7.675411
8.501478
9.225958
10.361020
8.900424
9.816886
8.129787
10.526506
7.887240
6.396892
12.511236
5.923261
13.529246
5.938608
8.032442
3.472953
14.764448
9.929205
6.693187
8.360530
6.359574
9.909229
12.510441
10.068470
12.246739
6.004568
14.390820
9.401237
1.389587
7.850706
6.235947
5.682586
7.376298
7.006903
9.765548
10.489015
8.210767
13.370521
8.589137
9.969147
8.060094
7.086993
9.732498
8.621570
9.608370
4.789910
9.392599
6.370825
9.890405
9.724788
8.835582
5.650036
10.518319
10.342617
7.934170
8.522955
8.223497
11.021265
14.112407
10.417777
10.347700
3.281906
11.336298
11.767666
9.606036
14.025504
8.803087
8.178037
7.505667
6.616950
6.909093
7.789294
11.221531
11.886368
8.290151
15.952089
2.477270
8.805894
10.427839
7.772377
11.450470
6.460878
6.767415
11.208777
12.827677
2.252393
14.054414
4.494799
9.830150
10.811537
8.001088
13.524942
8.647513
9.225867
13.402160
9.172646
11.056001
9.987107
9.875906
15.848139
9.916237
10.996121
13.016599
11.403780
6.489775
9.783311
9.792109
13.795686
