Processing of ./browser/templates/agendaview.pt finished. (0 warnings, 0 errors)
===============================================================================

./browser/templates/agenda_macros.pt:7:8:
-ERROR- - title attribute of <input> lacks i18n:attributes
-------------------------------------------------------------------------------
./browser/templates/agenda_macros.pt:7:8:
-ERROR- - placeholder attribute of <input> lacks i18n:attributes
-------------------------------------------------------------------------------
./browser/templates/agenda_macros.pt:14:8:
-ERROR- - value attribute of <... submit/button> lacks i18n:attribute
-------------------------------------------------------------------------------
Processing of ./browser/templates/agenda_macros.pt finished. (0 warnings, 3 errors)
===============================================================================

Processing of ./browser/templates/agendadiariaview.pt finished. (0 warnings, 0 errors)
===============================================================================

Processing of ./browser/templates/compromissoview.pt finished. (0 warnings, 0 errors)
===============================================================================

Processing of ./browser/static/resources.pt finished. (0 warnings, 0 errors)
===============================================================================

Processing of ./tiles/agenda.pt finished. (0 warnings, 0 errors)
===============================================================================

